microcanonical number of states:
    E, kcal/mol          rxn_2          rxn_4          rxn_7          rxn_1          rxn_5
              0              0    2.30278e+07    3.78148e+06              0     0.00122647
              1    3.65453e-07    9.10747e+07    1.40755e+07              0         2.5205
              2    1.66608e-05    3.44336e+08    5.10844e+07              0        2826.75
              3    0.000280902    1.23399e+09    1.80332e+08              0    1.62427e+06
              4     0.00296436    4.17114e+09    6.15913e+08              0    1.38647e+08
              5      0.0235848    1.32953e+10    2.02203e+09              0    2.55681e+09
              6        0.15468    4.00691e+10    6.35034e+09              0    2.31061e+10
              7       0.879465    1.14628e+11     1.9043e+10              0    1.41873e+11
              8         4.4739    3.12608e+11    5.45507e+10              0    6.82769e+11
              9        20.8006    8.16108e+11    1.49555e+11              0    2.77535e+12
             10        89.7345    2.04749e+12    3.93415e+11              0     9.9522e+12
             11        363.257     4.9539e+12    9.95802e+11              0    3.23581e+13
             12        1391.79    1.15953e+13    2.43221e+12              0    9.71754e+13
             13        5081.38    2.63287e+13    5.74792e+12              0    2.73146e+14
             14        17774.4    5.81379e+13    1.31763e+13              0    7.25756e+14
             15        59833.8    1.25117e+14    2.93661e+13              0    1.83677e+15
             16         194556    2.62931e+14    6.37642e+13              0     4.4545e+15
             17         612977    5.40479e+14    1.35146e+14              0    1.04025e+16
             18    1.87627e+06    1.08842e+15    2.80067e+14              0     2.3486e+16
             19    5.59229e+06    2.15028e+15    5.68352e+14              0    5.14348e+16
             20    1.62624e+07     4.1726e+15    1.13102e+15              0    1.09574e+17
             21      4.622e+07    7.96191e+15    2.20987e+15              0    2.27618e+17
             22     1.2858e+08    1.49543e+16    4.24417e+15              0    4.62013e+17
             23    3.50569e+08    2.76726e+16    8.02044e+15    1.83503e-21    9.17991e+17
             24    9.37768e+08    5.04929e+16    1.49275e+16    1.21853e-14    1.78832e+18
             25     2.4632e+09    9.09156e+16    2.73863e+16    1.33756e-10    3.42044e+18
             26    6.35647e+09     1.6165e+17    4.95647e+16     2.5374e-07    6.43114e+18
             27    1.61189e+10    2.84003e+17    8.85555e+16    0.000186742    1.18999e+19
             28     4.0161e+10    4.93325e+17    1.56296e+17      0.0739507    2.16911e+19
             29    9.82825e+10      8.477e+17    2.72669e+17        18.6987    3.89841e+19
             30    2.36134e+11    1.44168e+18    4.70453e+17        3338.43    6.91379e+19
             31     5.5676e+11    2.42781e+18    8.03189e+17         382847    1.21084e+20
             32    1.28786e+12    4.05013e+18    1.35752e+18    1.23788e+07     2.0955e+20
             33    2.92203e+12    6.69584e+18    2.27245e+18    1.37117e+08     3.5858e+20
             34    6.50317e+12    1.09745e+19    3.76916e+18     9.0203e+08    6.07056e+20
             35    1.41991e+13    1.78387e+19    6.19672e+18    4.48183e+09    1.01728e+21
             36    3.04247e+13    2.87659e+19    1.01019e+19    1.85993e+10    1.68819e+21
             37    6.40041e+13    4.60326e+19    1.63348e+19    6.77868e+10     2.7757e+21
             38    1.32259e+14    7.31225e+19     2.6208e+19    2.23531e+11    4.52342e+21
             39    2.68614e+14    1.15332e+20    4.17339e+19    6.80109e+11    7.30919e+21
             40     5.3651e+14    1.80666e+20    6.59784e+19    1.93573e+12    1.17148e+22
             41     1.0545e+15    2.81146e+20    1.03582e+20    5.20628e+12    1.86297e+22
             42    2.04084e+15    4.34725e+20    1.61527e+20    1.33348e+13    2.94046e+22
             43    3.89168e+15    6.68066e+20    2.50256e+20    3.27232e+13    4.60777e+22
             44     7.3164e+15    1.02055e+21      3.853e+20    7.73134e+13    7.17048e+22
             45     1.3569e+16    1.55003e+21    5.89626e+20    1.76572e+14    1.10841e+23
             46     2.4839e+16    2.34108e+21    8.97027e+20    3.91118e+14    1.70234e+23
             47    4.49055e+16    3.51674e+21    1.35696e+21    8.42617e+14    2.59829e+23
             48    8.02177e+16    5.25512e+21    2.04143e+21    1.76985e+15      3.942e+23
             49    1.41665e+17    7.81287e+21    3.05481e+21    3.63182e+15    5.94594e+23
             50    2.47446e+17    1.15582e+22    4.54762e+21    7.29422e+15    8.91826e+23
             51    4.27683e+17    1.70169e+22      6.736e+21    1.43611e+16    1.33038e+24
             52     7.3176e+17    2.49368e+22    9.92888e+21    2.77559e+16    1.97415e+24
             53    1.23993e+18    3.63772e+22    1.45659e+22    5.27259e+16    2.91449e+24
             54    2.08148e+18     5.2832e+22    2.12704e+22    9.85537e+16    4.28147e+24
             55    3.46299e+18    7.64006e+22    3.09217e+22    1.81441e+17    6.25939e+24
             56    5.71188e+18    1.10022e+23    4.47566e+22    3.29305e+17    9.10839e+24
             57    9.34325e+18    1.57792e+23    6.45069e+22    5.89681e+17    1.31941e+25
             58    1.51614e+19    2.25407e+23    9.25888e+22    1.04259e+18    1.90283e+25
             59    2.44134e+19    3.20748e+23    1.32361e+23    1.82128e+18    2.73248e+25
             60    3.90195e+19    4.54693e+23    1.88476e+23    3.14541e+18     3.9075e+25
             61    6.19178e+19    6.42199e+23    2.67353e+23    5.37352e+18    5.56512e+25
             62    9.75739e+19    9.03766e+23    3.77827e+23    9.08552e+18    7.89461e+25
             63    1.52735e+20     1.2674e+24    5.32005e+23     1.5211e+19    1.11561e+26
             64    2.37533e+20    1.77126e+24    7.46433e+23    2.52276e+19    1.57057e+26
             65      3.671e+20    2.46712e+24    1.04365e+24    4.14653e+19    2.20297e+26
             66    5.63902e+20    3.42509e+24    1.45427e+24    6.75692e+19    3.07898e+26
             67    8.61125e+20    4.73981e+24    2.01972e+24      1.092e+20    4.28832e+26
             68    1.30752e+21    6.53863e+24    2.79593e+24    1.75088e+20    5.95232e+26
             69    1.97437e+21    8.99245e+24    3.85818e+24    2.78599e+20    8.23452e+26
             70    2.96533e+21      1.233e+25    5.30751e+24    4.40069e+20    1.13547e+27
             71    4.43052e+21    1.68567e+25     7.2791e+24    6.90238e+20    1.56075e+27
             72    6.58621e+21    2.29789e+25    9.95343e+24    1.07529e+21    2.13865e+27
             73     9.7427e+21    3.12363e+25    1.35707e+25    1.66421e+21    2.92163e+27
             74    1.43431e+22    4.23437e+25    1.84499e+25    2.55943e+21    3.97941e+27
             75    2.10178e+22    5.72455e+25    2.50133e+25    3.91223e+21    5.40438e+27
             76    3.06594e+22    7.71863e+25    3.38188e+25    5.94485e+21    7.31873e+27
             77    4.45272e+22    1.03802e+26    4.56017e+25    8.98206e+21    9.88356e+27
             78    6.43903e+22     1.3924e+26    6.13282e+25    1.34961e+22    1.33108e+28
             79    9.27255e+22    1.86309e+26    8.22657e+25    2.01705e+22    1.78785e+28
             80    1.32986e+23    2.48677e+26    1.10072e+26    2.99893e+22    2.39506e+28
             81     1.8997e+23    3.31123e+26    1.46913e+26    4.43639e+22    3.20027e+28
             82    2.70322e+23     4.3986e+26    1.95606e+26    6.53084e+22     4.2654e+28
             83    3.83206e+23    5.82947e+26    2.59817e+26    9.56856e+22    5.67099e+28
             84    5.41225e+23    7.70817e+26    3.44296e+26    1.39547e+23     7.5215e+28
             85    7.61652e+23    1.01695e+27    4.55194e+26    2.02604e+23    9.95213e+28
             86    1.06808e+24    1.33872e+27    6.00451e+26    2.92874e+23    1.31375e+29
             87    1.49265e+24     1.7585e+27    7.90302e+26     4.2157e+23    1.73027e+29
             88    2.07896e+24    2.30498e+27    1.03791e+27    6.04317e+23    2.27372e+29
             89    2.88607e+24    3.01499e+27    1.36017e+27    8.62804e+23    2.98125e+29
             90    3.99365e+24     3.9356e+27    1.77874e+27    1.22703e+24    3.90048e+29
             91     5.5089e+24    5.12693e+27    2.32129e+27    1.73836e+24    5.09226e+29
             92    7.57566e+24    6.66561e+27    3.02316e+27     2.4536e+24    6.63426e+29
             93    1.03864e+25    8.64914e+27    3.92937e+27    3.45056e+24    8.62542e+29
             94    1.41981e+25    1.12013e+28    5.09714e+27     4.8354e+24    1.11915e+30
             95    1.93524e+25    1.44792e+28    6.59917e+27    6.75259e+24    1.44921e+30
             96    2.63034e+25    1.86814e+28    8.52751e+27    9.39806e+24    1.87295e+30
             97    3.56517e+25    2.40591e+28    1.09987e+28    1.30368e+25    2.41592e+30
             98    4.81912e+25    3.09288e+28    1.41597e+28    1.80259e+25    3.11041e+30
             99    6.49674e+25    3.96895e+28    1.81961e+28    2.48457e+25    3.99708e+30
            100    8.73548e+25    5.08426e+28    2.33414e+28      3.414e+25    5.12712e+30
            101    1.17156e+26    6.50176e+28    2.98887e+28    4.67694e+25    6.56477e+30
            102    1.56728e+26    8.30035e+28    3.82062e+28    6.38816e+25    8.39064e+30
            103    2.09149e+26    1.05788e+29    4.87549e+28    8.70023e+25    1.07056e+31
            104    2.78428e+26    1.34604e+29    6.21114e+28    1.18155e+26    1.36358e+31
            105    3.69774e+26    1.70993e+29    7.89957e+28    1.60018e+26    1.73386e+31
            106    4.89941e+26    2.16871e+29    1.00306e+29    2.16125e+26    2.20101e+31
            107    6.47671e+26    2.74624e+29    1.27159e+29    2.91125e+26    2.78944e+31
            108    8.54252e+26    3.47217e+29    1.60946e+29    3.91129e+26    3.52946e+31
            109    1.12423e+27    4.38327e+29    2.03391e+29     5.2414e+26    4.45869e+31
            110    1.47632e+27    5.52508e+29    2.56635e+29    7.00619e+26    5.62371e+31
            111    1.93453e+27    6.95396e+29    3.23324e+29    9.34213e+26    7.08217e+31
            112    2.52963e+27     8.7395e+29    4.06732e+29    1.24268e+27    8.90526e+31
            113    3.30096e+27    1.09676e+30    5.10902e+29    1.64908e+27    1.11808e+32
            114    4.29874e+27    1.37441e+30    6.40815e+29    2.18328e+27     1.4017e+32
            115    5.58695e+27    1.71992e+30    8.02608e+29    2.88394e+27     1.7547e+32
            116    7.24692e+27    2.14929e+30    1.00382e+30    3.80089e+27    2.19343e+32
            117    9.38192e+27    2.68216e+30    1.25373e+30    4.99835e+27    2.73795e+32
            118    1.21228e+28    3.34261e+30    1.56369e+30    6.55882e+27    3.41286e+32
            119    1.56351e+28    4.16013e+30    1.94762e+30    8.58816e+27    4.24826e+32
            120    2.01279e+28    5.17076e+30    2.42256e+30    1.12219e+28    5.28092e+32
            121    2.58647e+28    6.41852e+30    3.00931e+30    1.46331e+28    6.55577e+32
            122    3.31773e+28    7.95714e+30    3.73329e+30    1.90427e+28    8.12756e+32
            123    4.24825e+28    9.85207e+30    4.62545e+30    2.47319e+28     1.0063e+33
            124    5.43033e+28     1.2183e+31    5.72351e+30    3.20579e+28    1.24432e+33
            125    6.92948e+28    1.50467e+31     7.0733e+30    4.14742e+28    1.53667e+33
            126    8.82766e+28    1.85608e+31    8.73055e+30    5.35548e+28    1.89532e+33
            127    1.12272e+29     2.2868e+31    1.07628e+31    6.90256e+28    2.33476e+33
            128    1.42557e+29    2.81411e+31    1.32521e+31    8.88025e+28    2.87255e+33
            129    1.80719e+29    3.45892e+31    1.62975e+31     1.1404e+29    3.52994e+33
            130    2.28736e+29    4.24654e+31    2.00191e+31     1.4619e+29    4.33256e+33
            131    2.89058e+29    5.20751e+31    2.45617e+31    1.87076e+29    5.31139e+33
            132    3.64726e+29    6.37867e+31    3.01002e+31    2.38985e+29    6.50375e+33
            133    4.59503e+29    7.80446e+31    3.68456e+31     3.0478e+29    7.95458e+33
            134    5.78043e+29    9.53834e+31    4.50516e+31     3.8804e+29    9.71796e+33
            135     7.2609e+29    1.16446e+32    5.50239e+31    4.93233e+29    1.18589e+34
            136    9.10726e+29    1.42006e+32    6.71294e+31    6.25927e+29    1.44553e+34
            137    1.14067e+30    1.72991e+32     8.1809e+31    7.93052e+29    1.76008e+34
            138    1.42665e+30    2.10513e+32    9.95914e+31    1.00322e+30    2.14075e+34
            139    1.78184e+30    2.55904e+32     1.2111e+32    1.26711e+30    2.60095e+34
            140    2.22239e+30    3.10762e+32    1.47123e+32    1.59798e+30    3.15672e+34
            141    2.76809e+30    3.76991e+32    1.78537e+32     2.0122e+30    3.82723e+34
            142    3.44315e+30    4.56873e+32    2.16437e+32    2.53003e+30    4.63534e+34
            143    4.27717e+30    5.53126e+32    2.62114e+32    3.17647e+30    5.60832e+34
            144    5.30625e+30    6.68993e+32    3.17112e+32     3.9823e+30    6.77865e+34
            145    6.57443e+30    8.08339e+32    3.83269e+32    4.98545e+30    8.18497e+34
            146     8.1353e+30    9.75763e+32    4.62771e+32    6.23253e+30    9.87326e+34
            147    1.00541e+31    1.17673e+33    5.58222e+32    7.78073e+30    1.18981e+35
            148      1.241e+31    1.41775e+33    6.72711e+32    9.70024e+30    1.43243e+35
            149    1.52991e+31    1.70653e+33     8.0991e+32    1.20769e+31    1.72286e+35
            150    1.88379e+31    2.05221e+33    9.74171e+32    1.50159e+31    2.07022e+35
            151    2.31675e+31    2.46566e+33    1.17066e+33    1.86456e+31    2.48528e+35
            152    2.84585e+31     2.9597e+33    1.40547e+33    2.31226e+31    2.98078e+35
            153     3.4917e+31    3.54954e+33    1.68585e+33    2.86377e+31    3.57178e+35
            154    4.27917e+31    4.25314e+33    2.02033e+33    3.54235e+31    4.27607e+35
            155    5.23825e+31    5.09171e+33    2.41902e+33    4.37623e+31    5.11463e+35
            156    6.40505e+31     6.0903e+33    2.89382e+33    5.39975e+31     6.1122e+35
            157    7.82302e+31    7.27843e+33    3.45878e+33    6.65454e+31    7.29789e+35
            158    9.54439e+31    8.69092e+33    4.13045e+33    8.19104e+31      8.706e+35
            159    1.16318e+32    1.03687e+34    4.92834e+33    1.00703e+32    1.03768e+36
            160    1.41606e+32    1.23601e+34    5.87535e+33    1.23662e+32    1.23578e+36
            161    1.72207e+32    1.47217e+34    6.99846e+33     1.5168e+32    1.47045e+36
            162    2.09201e+32    1.75201e+34    8.32932e+33    1.85832e+32    1.74821e+36
            163    2.53879e+32    2.08334e+34    9.90509e+33    2.27415e+32    2.07672e+36
            164     3.0778e+32    2.47535e+34    1.17694e+34    2.77993e+32    2.46495e+36
            165    3.72746e+32    2.93876e+34    1.39732e+34    3.39443e+32    2.92337e+36
            166    4.50971e+32    3.48618e+34    1.65765e+34    4.14024e+32    3.46426e+36
            167    5.45071e+32    4.13232e+34    1.96492e+34    5.04445e+32    4.10197e+36
            168    6.58156e+32    4.89444e+34    2.32733e+34    6.13959e+32    4.85323e+36
            169    7.93931e+32    5.79265e+34    2.75443e+34    7.46459e+32    5.73761e+36
            170    9.56793e+32    6.85049e+34     3.2574e+34    9.06606e+32    6.77791e+36
            171    1.15197e+33    8.09541e+34    3.84928e+34    1.09998e+33    8.00069e+36
            172    1.38565e+33    9.55943e+34    4.54528e+34    1.33323e+33    9.43691e+36
            173    1.66517e+33    1.12799e+35     5.3631e+34    1.61431e+33    1.11226e+37
            174    1.99925e+33    1.33002e+35    6.32339e+34    1.95271e+33    1.30997e+37
            175    2.39815e+33     1.5671e+35    7.45015e+34    2.35971e+33    1.54168e+37
            176    2.87406e+33    1.84511e+35     8.7713e+34    2.84876e+33    1.81305e+37
            177    3.44132e+33    2.17089e+35    1.03193e+35    3.43584e+33    2.13065e+37
            178    4.11691e+33    2.55239e+35    1.21318e+35    4.13996e+33    2.50209e+37
            179    4.92081e+33    2.99883e+35    1.42526e+35    4.98366e+33     2.9362e+37
            180     5.8766e+33    3.52092e+35    1.67324e+35     5.9937e+33    3.44321e+37
            181    7.01201e+33    4.13107e+35      1.963e+35    7.20178e+33    4.03496e+37
            182    8.35969e+33    4.84364e+35    2.30136e+35    8.64544e+33    4.72513e+37
            183    9.95802e+33    5.67529e+35    2.69619e+35    1.03691e+34    5.52958e+37
            184    1.18521e+34    6.64529e+35    3.15663e+35    1.24253e+34    6.46659e+37
            185    1.40948e+34    7.77591e+35    3.69323e+35     1.4876e+34    7.55731e+37
            186    1.67481e+34    9.09292e+35    4.31817e+35    1.77944e+34    8.82611e+37
            187    1.98849e+34     1.0626e+36    5.04553e+35     2.1267e+34    1.03011e+38
            188    2.35904e+34    1.24097e+36    5.89156e+35    2.53953e+34    1.20148e+38
            189    2.79641e+34    1.44834e+36    6.87501e+35    3.02992e+34    1.40045e+38
            190    3.31228e+34    1.68928e+36    8.01746e+35    3.61196e+34    1.63131e+38
            191    3.92026e+34    1.96908e+36    9.34382e+35    4.30223e+34    1.89903e+38
            192    4.63627e+34    2.29378e+36    1.08827e+36    5.12017e+34    2.20928e+38
            193    5.47888e+34    2.67037e+36    1.26672e+36    6.08865e+34    2.56861e+38
            194    6.46973e+34    3.10688e+36    1.47351e+36    7.23445e+34    2.98454e+38
            195    7.63407e+34    3.61254e+36    1.71301e+36    8.58898e+34    3.46567e+38
            196    9.00128e+34    4.19796e+36    1.99021e+36     1.0189e+35    4.02192e+38
            197    1.06055e+35    4.87534e+36    2.31089e+36    1.20777e+35    4.66462e+38
            198    1.24867e+35    5.65865e+36    2.68161e+36    1.43052e+35    5.40677e+38
            199    1.46908e+35    6.56394e+36    3.10997e+36    1.69306e+35    6.26328e+38

state density, microcanonical rate constants:
well = w_1
    E, kcal/mol    D, mol/kcal       w_1->w_2      w_1->pr_1
              0              0            ***            ***
              1    1.64305e+07       0.233223              0
              2    1.54798e+08        1.12855              0
              3    8.39006e+08         3.5106              0
              4    3.51373e+09        8.84614              0
              5    1.26692e+10        19.5197              0
              6     4.0942e+10        39.6146              0
              7    1.21325e+11         76.008              0
              8      3.354e+11        139.867              0
              9    8.75449e+11        249.135              0
             10    2.17572e+12        432.462              0
             11    5.18198e+12        735.037              0
             12    1.18899e+13        1227.41              0
             13     2.6391e+13        2018.91              0
             14     5.6861e+13        3277.71              0
             15     1.1926e+14        5260.68              0
             16    2.44089e+14        8357.71              0
             17    4.88508e+14        13157.2              0
             18    9.57722e+14        20542.2              0
             19    1.84216e+15        31831.1              0
             20    3.48121e+15        48983.1              0
             21    6.47099e+15        74894.6              0
             22    1.18445e+16         113828              0
             23    2.13689e+16         172021    9.00434e-25
             24    3.80317e+16         258548    3.35956e-18
             25    6.68258e+16         386496    2.09875e-14
             26    1.16007e+17         574541    2.29348e-11
             27     1.9909e+17         848940     9.8352e-09
             28    3.37978e+17    1.24597e+06    2.29427e-06
             29    5.67858e+17    1.81479e+06    0.000345273
             30    9.44749e+17    2.62079e+06      0.0370523
             31    1.55711e+18    3.74922e+06        2.57809
             32    2.54347e+18    5.30922e+06        51.0318
             33     4.1192e+18    7.43811e+06        349.034
             34    6.61659e+18    1.03058e+07        1429.48
             35    1.05448e+19    1.41193e+07        4456.65
             36    1.66786e+19    1.91275e+07          11693
             37    2.61895e+19    2.56254e+07        27139.9
             38    4.08378e+19     3.3959e+07          57394
             39    6.32523e+19     4.4529e+07         112744
             40    9.73361e+19    5.77956e+07         208526
             41    1.48852e+20    7.42817e+07         366744
             42    2.26264e+20     9.4577e+07         617963
             43    3.41932e+20    1.19341e+08    1.00348e+06
             44    5.13822e+20    1.49305e+08    1.57773e+06
             45    7.67918e+20    1.85277e+08    2.41101e+06
             46    1.14161e+21    2.28142e+08    3.59235e+06
             47    1.68849e+21    2.78864e+08    5.23267e+06
             48    2.48495e+21    3.38488e+08    7.46807e+06
             49    3.63951e+21     4.0814e+08    1.04634e+07
             50     5.3056e+21    4.89032e+08    1.44157e+07
             51    7.69928e+21    5.82455e+08    1.95582e+07
             52    1.11236e+22    6.89786e+08    2.61638e+07
             53     1.6002e+22    8.12485e+08    3.45495e+07
             54    2.29237e+22    9.52093e+08    4.50795e+07
             55    3.27059e+22    1.11024e+09    5.81699e+07
             56    4.64778e+22    1.28862e+09    7.42922e+07
             57    6.57941e+22    1.48902e+09    9.39769e+07
             58     9.2788e+22    1.71332e+09    1.17818e+08
             59    1.30377e+23    1.96343e+09    1.46476e+08
             60    1.82539e+23    2.24139e+09    1.80681e+08
             61    2.54677e+23    2.54928e+09    2.21239e+08
             62    3.54111e+23    2.88924e+09     2.6903e+08
             63     4.9073e+23    3.26352e+09    3.25017e+08
             64    6.77844e+23    3.67439e+09    3.90245e+08
             65    9.33327e+23    4.12421e+09    4.65844e+08
             66    1.28111e+24    4.61539e+09    5.53036e+08
             67    1.75313e+24    5.15041e+09     6.5313e+08
             68    2.39194e+24    5.73178e+09    7.67531e+08
             69    3.25402e+24    6.36207e+09    8.97739e+08
             70    4.41417e+24    7.04393e+09    1.04535e+09
             71    5.97125e+24    7.78001e+09    1.21206e+09
             72     8.0555e+24    8.57302e+09    1.39967e+09
             73    1.08381e+25    9.42573e+09    1.61007e+09
             74    1.45437e+25    1.03409e+10    1.84526e+09
             75    1.94661e+25    1.13214e+10    2.10735e+09
             76    2.59887e+25      1.237e+10    2.39854e+09
             77     3.4611e+25    1.34897e+10    2.72115e+09
             78    4.59821e+25    1.46832e+10    3.07759e+09
             79    6.09437e+25    1.59537e+10    3.47039e+09
             80    8.05845e+25    1.73039e+10    3.90216e+09
             81    1.06311e+26     1.8737e+10    4.37565e+09
             82    1.39934e+26    2.02557e+10    4.89368e+09
             83    1.83785e+26    2.18632e+10    5.45919e+09
             84    2.40852e+26    2.35624e+10    6.07522e+09
             85    3.14965e+26    2.53563e+10    6.74491e+09
             86     4.1102e+26    2.72479e+10    7.47151e+09
             87    5.35263e+26    2.92402e+10    8.25834e+09
             88    6.95651e+26    3.13362e+10    9.10886e+09
             89    9.02296e+26    3.35389e+10    1.00266e+10
             90    1.16803e+27    3.58513e+10    1.10152e+10
             91    1.50912e+27    3.82764e+10    1.20783e+10
             92    1.94612e+27    4.08171e+10    1.32198e+10
             93    2.50498e+27    4.34764e+10    1.44436e+10
             94    3.21841e+27    4.62572e+10    1.57537e+10
             95    4.12756e+27    4.91624e+10    1.71541e+10
             96    5.28412e+27     5.2195e+10     1.8649e+10
             97    6.75293e+27    5.53578e+10    2.02427e+10
             98    8.61515e+27    5.86536e+10    2.19394e+10
             99    1.09723e+28    6.20854e+10    2.37436e+10
            100    1.39509e+28     6.5656e+10    2.56597e+10
            101     1.7709e+28     6.9368e+10    2.76922e+10
            102    2.24431e+28    7.32242e+10    2.98458e+10
            103    2.83972e+28    7.72275e+10    3.21252e+10
            104    3.58743e+28    8.13804e+10    3.45351e+10
            105      4.525e+28    8.56857e+10    3.70802e+10
            106    5.69887e+28    9.01459e+10    3.97655e+10
            107    7.16644e+28    9.47637e+10    4.25959e+10
            108    8.99855e+28    9.95416e+10    4.55762e+10
            109    1.12825e+29    1.04482e+11    4.87117e+10
            110    1.41257e+29    1.09588e+11    5.20073e+10
            111    1.76601e+29    1.14861e+11    5.54681e+10
            112    2.20479e+29    1.20304e+11    5.90993e+10
            113    2.74877e+29    1.25919e+11    6.29061e+10
            114    3.42228e+29     1.3171e+11    6.68938e+10
            115    4.25505e+29    1.37677e+11    7.10676e+10
            116    5.28343e+29    1.43823e+11    7.54328e+10
            117    6.55172e+29     1.5015e+11    7.99948e+10
            118    8.11393e+29    1.56662e+11    8.47589e+10
            119    1.00358e+30    1.63358e+11    8.97305e+10
            120    1.23971e+30    1.70243e+11    9.49151e+10
            121    1.52949e+30    1.77317e+11    1.00318e+11
            122    1.88469e+30    1.84583e+11    1.05945e+11
            123    2.31954e+30    1.92043e+11    1.11801e+11
            124    2.85129e+30    1.99699e+11    1.17892e+11
            125    3.50079e+30    2.07551e+11    1.24223e+11
            126     4.2932e+30    2.15603e+11      1.308e+11
            127    5.25886e+30    2.23856e+11    1.37629e+11
            128    6.43437e+30    2.32312e+11    1.44714e+11
            129    7.86373e+30    2.40972e+11    1.52061e+11
            130    9.59987e+30    2.49839e+11    1.59677e+11
            131    1.17064e+31    2.58912e+11    1.67566e+11
            132    1.42596e+31    2.68195e+11    1.75734e+11
            133    1.73508e+31    2.77689e+11    1.84186e+11
            134    2.10898e+31    2.87395e+11    1.92928e+11
            135    2.56074e+31    2.97314e+11    2.01966e+11
            136    3.10603e+31    3.07448e+11    2.11304e+11
            137    3.76357e+31    3.17799e+11    2.20949e+11
            138    4.55565e+31    3.28366e+11    2.30906e+11
            139    5.50889e+31    3.39153e+11     2.4118e+11
            140    6.65496e+31    3.50159e+11    2.51777e+11
            141    8.03153e+31    3.61387e+11    2.62702e+11
            142    9.68341e+31    3.72836e+11    2.73961e+11
            143    1.16638e+32    3.84509e+11    2.85558e+11
            144    1.40358e+32    3.96406e+11      2.975e+11
            145    1.68743e+32    4.08528e+11    3.09791e+11
            146    2.02679e+32    4.20877e+11    3.22437e+11
            147    2.43216e+32    4.33452e+11    3.35443e+11
            148    2.91593e+32    4.46255e+11    3.48815e+11
            149    3.49278e+32    4.59287e+11    3.62557e+11
            150    4.18001e+32    4.72549e+11    3.76675e+11
            151    4.99802e+32     4.8604e+11    3.91173e+11
            152    5.97089e+32    4.99763e+11    4.06057e+11
            153    7.12695e+32    5.13717e+11    4.21333e+11
            154    8.49955e+32    5.27903e+11    4.37004e+11
            155    1.01279e+33    5.42322e+11    4.53076e+11
            156    1.20581e+33    5.56974e+11    4.69555e+11
            157    1.43442e+33     5.7186e+11    4.86444e+11
            158    1.70497e+33     5.8698e+11    5.03749e+11
            159    2.02489e+33    6.02335e+11    5.21474e+11
            160     2.4029e+33    6.17925e+11    5.39625e+11
            161    2.84921e+33     6.3375e+11    5.58205e+11
            162    3.37573e+33    6.49811e+11    5.77221e+11
            163    3.99643e+33    6.66108e+11    5.96676e+11
            164    4.72757e+33    6.82642e+11    6.16575e+11
            165    5.58819e+33    6.99412e+11    6.36922e+11
            166    6.60044e+33    7.16419e+11    6.57723e+11
            167    7.79017e+33    7.33662e+11    6.78981e+11
            168    9.18749e+33    7.51143e+11    7.00701e+11
            169    1.08274e+34    7.68861e+11    7.22888e+11
            170    1.27507e+34    7.86816e+11    7.45545e+11
            171    1.50048e+34    8.05008e+11    7.68677e+11
            172    1.76446e+34    8.23438e+11    7.92289e+11
            173    2.07341e+34    8.42104e+11    8.16384e+11
            174    2.43472e+34    8.61008e+11    8.40966e+11
            175    2.85701e+34    8.80149e+11     8.6604e+11
            176    3.35021e+34    8.99527e+11    8.91609e+11
            177    3.92585e+34    9.19142e+11    9.17678e+11
            178    4.59726e+34    9.38993e+11    9.44251e+11
            179    5.37987e+34    9.59081e+11    9.71331e+11
            180     6.2915e+34    9.79405e+11    9.98922e+11
            181    7.35272e+34    9.99966e+11    1.02703e+12
            182     8.5873e+34    1.02076e+12    1.05565e+12
            183    1.00226e+35    1.04179e+12     1.0848e+12
            184    1.16903e+35    1.06306e+12    1.11447e+12
            185    1.36268e+35    1.08456e+12    1.14468e+12
            186     1.5874e+35     1.1063e+12    1.17541e+12
            187      1.848e+35    1.12827e+12    1.20668e+12
            188    2.15006e+35    1.15047e+12    1.23849e+12
            189    2.49993e+35    1.17291e+12    1.27085e+12
            190    2.90496e+35    1.19558e+12    1.30375e+12
            191    3.37355e+35    1.21848e+12     1.3372e+12
            192    3.91537e+35    1.24161e+12    1.37121e+12
            193    4.54149e+35    1.26498e+12    1.40577e+12
            194    5.26462e+35    1.28858e+12    1.44088e+12
            195     6.0993e+35     1.3124e+12    1.47657e+12
            196    7.06218e+35    1.33646e+12    1.51281e+12
            197    8.17235e+35    1.36074e+12    1.54963e+12
            198    9.45162e+35    1.38526e+12    1.58701e+12
            199    1.09249e+36       1.41e+12    1.62497e+12
well = w_2
    E, kcal/mol    D, mol/kcal       w_2->w_1       w_2->w_4      w_2->pr_2
              0    1.82799e+18              0         132.09    7.03517e-09
              1    3.45383e+18    1.10948e-12        276.495    7.65204e-06
              2    6.41812e+18    2.72193e-11        562.555     0.00461818
              3    1.17425e+19    2.50833e-10         1101.9         1.4504
              4    2.11729e+19    1.46805e-09        2065.69        68.6629
              5    3.76565e+19    6.56722e-09        3702.11        711.947
              6    6.61125e+19    2.45325e-08        6355.01        3664.66
              7    1.14662e+20    8.04248e-08        10482.4        12973.9
              8    1.96576e+20    2.38642e-07        16674.8        36419.6
              9    3.33327e+20    6.54327e-07        25672.4        87304.5
             10    5.59346e+20    1.68217e-06        38382.4         186564
             11    9.29343e+20    4.09853e-06        55893.5         365088
             12    1.52953e+21    9.54132e-06        79490.3         666177
             13    2.49465e+21    2.13581e-05         110665    1.14809e+06
             14    4.03371e+21     4.6204e-05         151128    1.88658e+06
             15    6.46849e+21    9.69916e-05         202817    2.97743e+06
             16    1.02909e+22    0.000198236         267904    4.53876e+06
             17    1.62477e+22    0.000395588         348801    6.71332e+06
             18    2.54654e+22    0.000772564         448164    9.67048e+06
             19    3.96325e+22     0.00147955         568897    1.36081e+07
             20    6.12641e+22     0.00278336         714152    1.87539e+07
             21    9.40854e+22     0.00515108         887331    2.53673e+07
             22    1.43582e+23     0.00938994    1.09208e+06    3.37399e+07
             23    2.17789e+23      0.0168782     1.3323e+06    4.41969e+07
             24    3.28412e+23       0.029941    1.61214e+06    5.70974e+07
             25    4.92417e+23      0.0524514    1.93596e+06     7.2835e+07
             26    7.34273e+23      0.0907715    2.30839e+06    9.18377e+07
             27     1.0891e+24       0.155187    2.73429e+06    1.14569e+08
             28    1.60709e+24       0.262033    3.21873e+06    1.41525e+08
             29    2.35959e+24       0.436747      3.767e+06    1.73237e+08
             30    3.44768e+24       0.718163    4.38463e+06    2.10271e+08
             31    5.01383e+24        1.16437    5.07734e+06    2.53225e+08
             32    7.25814e+24        1.86051    5.85106e+06    3.02728e+08
             33    1.04604e+25        2.92905    6.71191e+06    3.59441e+08
             34    1.50105e+25        4.54277    7.66621e+06    4.24057e+08
             35    2.14493e+25        6.94124    8.72044e+06    4.97296e+08
             36     3.0525e+25        10.4511    9.88129e+06    5.79907e+08
             37    4.32678e+25        15.5108    1.11556e+07    6.72665e+08
             38    6.10924e+25        22.7002    1.25503e+07    7.76372e+08
             39    8.59343e+25        32.7757    1.40726e+07    8.91854e+08
             40    1.20432e+26        46.7117    1.57299e+07    1.01996e+09
             41    1.68173e+26         65.748    1.75294e+07    1.16156e+09
             42    2.34014e+26        91.4445    1.94788e+07    1.31754e+09
             43    3.24519e+26        125.744    2.15858e+07    1.48881e+09
             44    4.48523e+26        171.042    2.38583e+07    1.67631e+09
             45    6.17886e+26        230.266     2.6304e+07    1.88097e+09
             46    8.48484e+26         306.96     2.8931e+07    2.10374e+09
             47    1.16151e+27        405.386    3.17475e+07    2.34561e+09
             48    1.58516e+27        530.625    3.47616e+07    2.60756e+09
             49    2.15688e+27        688.693    3.79817e+07    2.89057e+09
             50    2.92624e+27        886.668    4.14162e+07    3.19566e+09
             51    3.95868e+27        1132.82    4.50733e+07    3.52383e+09
             52     5.3404e+27        1436.76    4.89618e+07    3.87611e+09
             53    7.18465e+27         1809.6    5.30901e+07    4.25351e+09
             54    9.63985e+27        2264.09    5.74669e+07    4.65707e+09
             55       1.29e+28        2814.82    6.21008e+07    5.08782e+09
             56    1.72183e+28         3478.4    6.70005e+07    5.54679e+09
             57     2.2924e+28        4273.64    7.21749e+07    6.03503e+09
             58    3.04448e+28        5221.75    7.76326e+07    6.55356e+09
             59    4.03347e+28        6346.57    8.33826e+07    7.10343e+09
             60    5.33099e+28        7674.76    8.94336e+07    7.68567e+09
             61    7.02941e+28        9236.06    9.57946e+07    8.30131e+09
             62    9.24766e+28        11063.5    1.02474e+08    8.95137e+09
             63    1.21385e+29        13193.6    1.09482e+08     9.6369e+09
             64    1.58977e+29        15666.8    1.16826e+08    1.03589e+10
             65    2.07758e+29        18527.5    1.24515e+08    1.11184e+10
             66    2.70928e+29        21824.3    1.32559e+08    1.19164e+10
             67    3.52563e+29        25610.6    1.40966e+08    1.27538e+10
             68    4.57851e+29        29944.4    1.49745e+08    1.36318e+10
             69    5.93375e+29          34889    1.58906e+08    1.45512e+10
             70    7.67483e+29        40513.1    1.68456e+08    1.55131e+10
             71    9.90733e+29        46890.9    1.78404e+08    1.65184e+10
             72    1.27646e+30        54102.7    1.88761e+08    1.75681e+10
             73    1.64147e+30        62235.2    1.99534e+08     1.8663e+10
             74    2.10693e+30        71381.3    2.10731e+08    1.98043e+10
             75    2.69941e+30        81641.1    2.22363e+08    2.09926e+10
             76    3.45227e+30        93121.6    2.34437e+08    2.22291e+10
             77    4.40724e+30         105937    2.46962e+08    2.35146e+10
             78    5.61655e+30         120210    2.59948e+08    2.48499e+10
             79    7.14536e+30         136071    2.73401e+08    2.62359e+10
             80    9.07491e+30         153658    2.87332e+08    2.76736e+10
             81    1.15063e+31         173118    3.01749e+08    2.91636e+10
             82    1.45651e+31         194607    3.16659e+08     3.0707e+10
             83    1.84072e+31         218291    3.32072e+08    3.23045e+10
             84    2.32257e+31         244343    3.47995e+08    3.39568e+10
             85    2.92595e+31         272949    3.64438e+08    3.56648e+10
             86    3.68037e+31         304302    3.81409e+08    3.74294e+10
             87    4.62224e+31         338606    3.98915e+08    3.92511e+10
             88    5.79642e+31         376078    4.16965e+08    4.11308e+10
             89    7.25809e+31         416942    4.35566e+08    4.30692e+10
             90    9.07505e+31         461436    4.54728e+08    4.50671e+10
             91    1.13305e+32         509807    4.74458e+08     4.7125e+10
             92    1.41264e+32         562315    4.94764e+08    4.92438e+10
             93    1.75875e+32         619231    5.15654e+08    5.14241e+10
             94    2.18663e+32         680838    5.37136e+08    5.36665e+10
             95     2.7149e+32         747432    5.59218e+08    5.59716e+10
             96    3.36626e+32         819321    5.81906e+08    5.83402e+10
             97    4.16834e+32         896825    6.05209e+08    6.07729e+10
             98    5.15477e+32         980276    6.29135e+08    6.32701e+10
             99    6.36639e+32    1.07002e+06    6.53691e+08    6.58325e+10
            100    7.85276e+32    1.16642e+06    6.78885e+08    6.84608e+10
            101    9.67393e+32    1.26985e+06    7.04723e+08    7.11553e+10
            102    1.19026e+33    1.38068e+06    7.31213e+08    7.39167e+10
            103    1.46268e+33    1.49933e+06    7.58363e+08    7.67454e+10
            104    1.79526e+33    1.62621e+06    7.86179e+08    7.96421e+10
            105    2.20083e+33    1.76173e+06     8.1467e+08    8.26071e+10
            106    2.69483e+33    1.90635e+06    8.43841e+08     8.5641e+10
            107    3.29585e+33    2.06053e+06    8.73699e+08    8.87442e+10
            108    4.02626e+33    2.22472e+06    9.04253e+08    9.19172e+10
            109    4.91294e+33    2.39941e+06    9.35508e+08    9.51604e+10
            110    5.98813e+33    2.58511e+06    9.67472e+08    9.84742e+10
            111     7.2905e+33    2.78233e+06    1.00015e+09    1.01859e+11
            112    8.86637e+33    2.99159e+06    1.03355e+09    1.05315e+11
            113    1.07711e+34    3.21343e+06    1.06768e+09    1.08843e+11
            114    1.30711e+34    3.44843e+06    1.10254e+09    1.12444e+11
            115    1.58453e+34    3.69714e+06    1.13815e+09    1.16116e+11
            116    1.91881e+34    3.96015e+06     1.1745e+09    1.19862e+11
            117     2.3212e+34    4.23808e+06    1.21161e+09    1.23681e+11
            118    2.80511e+34    4.53152e+06    1.24947e+09    1.27573e+11
            119    3.38646e+34    4.84113e+06    1.28811e+09    1.31539e+11
            120    4.08419e+34    5.16754e+06    1.32751e+09     1.3558e+11
            121     4.9208e+34    5.51141e+06     1.3677e+09    1.39694e+11
            122    5.92297e+34    5.87343e+06    1.40867e+09    1.43884e+11
            123    7.12234e+34    6.25428e+06    1.45043e+09    1.48148e+11
            124    8.55637e+34    6.65468e+06    1.49298e+09    1.52487e+11
            125    1.02694e+35    7.07534e+06    1.53634e+09    1.56901e+11
            126    1.23138e+35      7.517e+06     1.5805e+09    1.61392e+11
            127    1.47515e+35    7.98042e+06    1.62548e+09    1.65957e+11
            128    1.76556e+35    8.46635e+06    1.67128e+09    1.70599e+11
            129    2.11122e+35    8.97559e+06     1.7179e+09    1.75317e+11
            130    2.52228e+35    9.50892e+06    1.76536e+09    1.80112e+11
            131    3.01071e+35    1.00672e+07    1.81364e+09    1.84982e+11
            132    3.59056e+35    1.06511e+07    1.86277e+09     1.8993e+11
            133    4.27835e+35    1.12617e+07    1.91274e+09    1.94954e+11
            134    5.09351e+35    1.18996e+07    1.96357e+09    2.00055e+11
            135    6.05881e+35    1.25659e+07    2.01525e+09    2.05233e+11
            136    7.20097e+35    1.32613e+07    2.06779e+09    2.10488e+11
            137     8.5513e+35    1.39868e+07     2.1212e+09     2.1582e+11
            138    1.01464e+36    1.47433e+07    2.17548e+09    2.21229e+11
            139    1.20293e+36    1.55317e+07    2.23063e+09    2.26716e+11
            140      1.425e+36     1.6353e+07    2.28667e+09    2.32281e+11
            141    1.68671e+36     1.7208e+07    2.34359e+09    2.37922e+11
            142     1.9949e+36    1.80978e+07     2.4014e+09    2.43642e+11
            143    2.35755e+36    1.90233e+07    2.46011e+09    2.49438e+11
            144    2.78395e+36    1.99856e+07    2.51971e+09    2.55313e+11
            145    3.28493e+36    2.09856e+07    2.58022e+09    2.61265e+11
            146    3.87312e+36    2.20244e+07    2.64164e+09    2.67295e+11
            147    4.56317e+36    2.31029e+07    2.70397e+09    2.73402e+11
            148    5.37213e+36    2.42223e+07    2.76722e+09    2.79587e+11
            149    6.31981e+36    2.53835e+07    2.83139e+09    2.85849e+11
            150    7.42921e+36    2.65877e+07    2.89648e+09     2.9219e+11
            151      8.727e+36    2.78359e+07     2.9625e+09    2.98608e+11
            152    1.02441e+37    2.91292e+07    3.02946e+09    3.05103e+11
            153    1.20163e+37    3.04688e+07    3.09735e+09    3.11676e+11
            154    1.40852e+37    3.18556e+07    3.16619e+09    3.18326e+11
            155    1.64987e+37     3.3291e+07    3.23597e+09    3.25054e+11
            156    1.93123e+37    3.47759e+07     3.3067e+09    3.31859e+11
            157    2.25902e+37    3.63116e+07    3.37838e+09    3.38741e+11
            158    2.64064e+37    3.78992e+07    3.45102e+09    3.45701e+11
            159    3.08464e+37    3.95399e+07    3.52462e+09    3.52738e+11
            160    3.60087e+37    4.12348e+07    3.59919e+09    3.59851e+11
            161    4.20072e+37    4.29851e+07    3.67472e+09    3.67042e+11
            162    4.89726e+37    4.47921e+07    3.75122e+09    3.74309e+11
            163    5.70558e+37     4.6657e+07     3.8287e+09    3.81654e+11
            164    6.64302e+37    4.85809e+07    3.90716e+09    3.89075e+11
            165    7.72952e+37    5.05652e+07     3.9866e+09    3.96572e+11
            166    8.98801e+37    5.26109e+07    4.06702e+09    4.04146e+11
            167    1.04448e+38    5.47195e+07    4.14843e+09    4.11796e+11
            168    1.21302e+38    5.68921e+07    4.23083e+09    4.19522e+11
            169    1.40788e+38    5.91301e+07    4.31423e+09    4.27324e+11
            170    1.63304e+38    6.14346e+07    4.39862e+09    4.35202e+11
            171    1.89305e+38     6.3807e+07    4.48402e+09    4.43155e+11
            172    2.19314e+38    6.62485e+07    4.57042e+09    4.51184e+11
            173    2.53928e+38    6.87605e+07    4.65783e+09    4.59289e+11
            174    2.93831e+38    7.13443e+07    4.74624e+09    4.67469e+11
            175    3.39805e+38    7.40011e+07    4.83567e+09    4.75723e+11
            176    3.92742e+38    7.67324e+07    4.92611e+09    4.84053e+11
            177    4.53664e+38    7.95393e+07    5.01757e+09    4.92457e+11
            178    5.23735e+38    8.24233e+07    5.11006e+09    5.00936e+11
            179    6.04285e+38    8.53857e+07    5.20356e+09    5.09489e+11
            180    6.96831e+38    8.84279e+07     5.2981e+09    5.18116e+11
            181    8.03099e+38    9.15512e+07    5.39366e+09    5.26817e+11
            182    9.25061e+38    9.47569e+07    5.49025e+09    5.35592e+11
            183    1.06496e+39    9.80464e+07    5.58788e+09    5.44441e+11
            184    1.22534e+39    1.01421e+08    5.68654e+09    5.53363e+11
            185    1.40911e+39    1.04882e+08    5.78624e+09    5.62358e+11
            186    1.61957e+39    1.08432e+08    5.88699e+09    5.71425e+11
            187    1.86048e+39     1.1207e+08    5.98878e+09    5.80566e+11
            188    2.13608e+39      1.158e+08    6.09161e+09    5.89779e+11
            189    2.45123e+39    1.19621e+08    6.19549e+09    5.99064e+11
            190    2.81141e+39    1.23536e+08    6.30043e+09    6.08422e+11
            191    3.22284e+39    1.27546e+08    6.40641e+09    6.17851e+11
            192    3.69259e+39    1.31652e+08    6.51345e+09    6.27352e+11
            193    4.22865e+39    1.35856e+08    6.62155e+09    6.36924e+11
            194     4.8401e+39     1.4016e+08    6.73071e+09    6.46567e+11
            195    5.53718e+39    1.44563e+08    6.84092e+09    6.56281e+11
            196     6.3315e+39    1.49069e+08     6.9522e+09    6.66066e+11
            197     7.2362e+39    1.53678e+08    7.06455e+09    6.75921e+11
            198    8.26612e+39    1.58393e+08    7.17796e+09    6.85846e+11
            199    9.43805e+39    1.63213e+08    7.29245e+09    6.95841e+11
well = w_4
    E, kcal/mol    D, mol/kcal       w_4->w_2       w_4->w_6
              0    2.87359e+19        8.40266        1.37984
              1    4.74605e+19        20.1213        3.10973
              2    7.76732e+19        46.4838        6.89616
              3    1.26013e+20         102.68        15.0054
              4    2.02737e+20        215.731         31.855
              5     3.2357e+20        430.845        65.5254
              6    5.12468e+20        819.847        129.933
              7    8.05673e+20        1491.84        247.837
              8    1.25767e+21        2606.29        454.803
              9    1.94988e+21        4388.64        804.238
             10    3.00324e+21        7148.64        1373.57
             11    4.59636e+21        11301.2        2271.69
             12    6.99161e+21        17389.8        3647.66
             13    1.05723e+22        26112.6        5700.74
             14    1.58956e+22        38350.6        8691.72
             15    2.37674e+22        55198.4        12955.6
             16    3.53474e+22        77996.4        18915.2
             17    5.22971e+22         108366        27096.6
             18    7.69862e+22         148243        38145.1
             19    1.12779e+23         199921        52842.1
             20    1.64431e+23         266080        72123.6
             21    2.38639e+23         349837          97099
             22    3.44792e+23         454778         129070
             23    4.96003e+23         585000         169553
             24    7.10517e+23         745155         220295
             25    1.01362e+24         940485         283300
             26    1.44025e+24    1.17687e+06         360847
             27    2.03848e+24    1.46086e+06         455513
             28    2.87422e+24    1.79971e+06         570190
             29     4.0376e+24    2.20145e+06         708113
             30    5.65139e+24    2.67488e+06         872874
             31    7.88233e+24    3.22962e+06    1.06845e+06
             32    1.09561e+25    3.87617e+06    1.29921e+06
             33    1.51774e+25    4.62591e+06    1.56996e+06
             34    2.09561e+25    5.49116e+06    1.88592e+06
             35    2.88423e+25    6.48519e+06     2.2528e+06
             36    3.95717e+25    7.62226e+06    2.67676e+06
             37    5.41261e+25    8.91764e+06    3.16445e+06
             38    7.38115e+25    1.03877e+07    3.72307e+06
             39    1.00361e+26    1.20497e+07    4.36028e+06
             40    1.36069e+26    1.39222e+07    5.08434e+06
             41    1.83962e+26    1.60249e+07    5.90402e+06
             42    2.48028e+26    1.83783e+07    6.82866e+06
             43    3.33503e+26    2.10044e+07    7.86821e+06
             44    4.47249e+26    2.39262e+07    9.03315e+06
             45    5.98237e+26    2.71679e+07    1.03346e+07
             46    7.98165e+26    3.07549e+07    1.17843e+07
             47    1.06226e+27    3.47137e+07    1.33945e+07
             48    1.41028e+27    3.90723e+07    1.51782e+07
             49    1.86783e+27    4.38595e+07    1.71489e+07
             50    2.46802e+27    4.91056e+07    1.93209e+07
             51    3.25354e+27    5.48421e+07    2.17089e+07
             52    4.27935e+27    6.11017e+07    2.43283e+07
             53    5.61608e+27    6.79181e+07    2.71954e+07
             54    7.35426e+27    7.53267e+07    3.03268e+07
             55    9.60973e+27    8.33636e+07    3.37398e+07
             56    1.25305e+28    9.20664e+07    3.74525e+07
             57    1.63051e+28    1.01474e+08    4.14834e+07
             58    2.11735e+28    1.11626e+08    4.58519e+07
             59    2.74405e+28    1.22564e+08    5.05777e+07
             60    3.54924e+28     1.3433e+08    5.56815e+07
             61    4.58181e+28    1.46968e+08    6.11842e+07
             62    5.90353e+28    1.60522e+08    6.71076e+07
             63    7.59228e+28    1.75038e+08     7.3474e+07
             64    9.74612e+28    1.90564e+08    8.03063e+07
             65    1.24883e+29    2.07146e+08    8.76281e+07
             66    1.59734e+29    2.24835e+08    9.54633e+07
             67    2.03953e+29    2.43681e+08    1.03837e+08
             68    2.59962e+29    2.63734e+08    1.12773e+08
             69    3.30788e+29    2.85048e+08    1.22299e+08
             70    4.20205e+29    3.07676e+08     1.3244e+08
             71     5.3291e+29    3.31672e+08    1.43224e+08
             72    6.74745e+29    3.57092e+08    1.54676e+08
             73    8.52959e+29    3.83991e+08    1.66827e+08
             74    1.07654e+30    4.12428e+08    1.79702e+08
             75    1.35662e+30    4.42461e+08    1.93332e+08
             76    1.70693e+30    4.74149e+08    2.07746e+08
             77    2.14446e+30    5.07551e+08    2.22974e+08
             78    2.69012e+30     5.4273e+08    2.39044e+08
             79    3.36967e+30    5.79746e+08    2.55989e+08
             80    4.21476e+30    6.18663e+08     2.7384e+08
             81    5.26426e+30    6.59543e+08    2.92626e+08
             82    6.56581e+30    7.02451e+08    3.12381e+08
             83    8.17779e+30    7.47452e+08    3.33136e+08
             84    1.01715e+31    7.94612e+08    3.54924e+08
             85    1.26343e+31    8.43996e+08    3.77778e+08
             86    1.56723e+31    8.95671e+08    4.01731e+08
             87    1.94152e+31    9.49707e+08    4.26816e+08
             88    2.40208e+31    1.00617e+09    4.53067e+08
             89    2.96807e+31    1.06513e+09    4.80519e+08
             90    3.66278e+31    1.12665e+09    5.09204e+08
             91    4.51443e+31    1.19082e+09    5.39159e+08
             92    5.55724e+31    1.25768e+09    5.70418e+08
             93    6.83258e+31    1.32733e+09    6.03015e+08
             94    8.39049e+31    1.39982e+09    6.36986e+08
             95    1.02914e+32    1.47524e+09    6.72367e+08
             96    1.26081e+32    1.55365e+09    7.09193e+08
             97    1.54283e+32    1.63512e+09      7.475e+08
             98    1.88578e+32    1.71974e+09    7.87324e+08
             99    2.30235e+32    1.80756e+09    8.28701e+08
            100     2.8078e+32    1.89868e+09    8.71666e+08
            101    3.42043e+32    1.99315e+09    9.16258e+08
            102    4.16217e+32    2.09107e+09     9.6251e+08
            103    5.05929e+32    2.19249e+09    1.01046e+09
            104    6.14321e+32    2.29749e+09    1.06015e+09
            105    7.45149e+32    2.40616e+09    1.11161e+09
            106    9.02896e+32    2.51857e+09    1.16487e+09
            107    1.09291e+33    2.63478e+09    1.21998e+09
            108    1.32156e+33    2.75488e+09    1.27697e+09
            109    1.59645e+33    2.87895e+09    1.33588e+09
            110    1.92658e+33    3.00706e+09    1.39675e+09
            111     2.3227e+33    3.13928e+09    1.45961e+09
            112    2.79752e+33    3.27569e+09    1.52449e+09
            113    3.36618e+33    3.41638e+09    1.59144e+09
            114    4.04655e+33    3.56141e+09     1.6605e+09
            115    4.85986e+33    3.71086e+09    1.73169e+09
            116     5.8312e+33     3.8648e+09    1.80505e+09
            117    6.99021e+33    4.02332e+09    1.88063e+09
            118    8.37194e+33     4.1865e+09    1.95846e+09
            119    1.00177e+34    4.35439e+09    2.03857e+09
            120    1.19764e+34     4.5271e+09      2.121e+09
            121    1.43053e+34    4.70468e+09    2.20578e+09
            122    1.70721e+34    4.88722e+09    2.29296e+09
            123    2.03564e+34    5.07479e+09    2.38256e+09
            124    2.42517e+34    5.26746e+09    2.47463e+09
            125    2.88679e+34    5.46532e+09     2.5692e+09
            126    3.43339e+34    5.66844e+09     2.6663e+09
            127    4.08009e+34     5.8769e+09    2.76597e+09
            128    4.84462e+34    6.09076e+09    2.86824e+09
            129    5.74771e+34    6.31011e+09    2.97316e+09
            130    6.81364e+34    6.53502e+09    3.08074e+09
            131     8.0708e+34    6.76556e+09    3.19104e+09
            132    9.55236e+34    7.00181e+09    3.30408e+09
            133     1.1297e+35    7.24385e+09    3.41989e+09
            134      1.335e+35    7.49174e+09    3.53851e+09
            135    1.57639e+35    7.74556e+09    3.65998e+09
            136    1.86001e+35    8.00539e+09    3.78432e+09
            137    2.19301e+35    8.27129e+09    3.91157e+09
            138    2.58369e+35    8.54334e+09    4.04177e+09
            139    3.04173e+35    8.82162e+09    4.17494e+09
            140    3.57834e+35    9.10619e+09    4.31112e+09
            141    4.20656e+35    9.39713e+09    4.45033e+09
            142    4.94152e+35     9.6945e+09    4.59262e+09
            143    5.80076e+35    9.99838e+09    4.73801e+09
            144    6.80459e+35    1.03088e+10    4.88654e+09
            145    7.97657e+35     1.0626e+10    5.03823e+09
            146    9.34391e+35    1.09498e+10    5.19312e+09
            147    1.09381e+36    1.12804e+10    5.35123e+09
            148    1.27956e+36    1.16179e+10     5.5126e+09
            149    1.49585e+36    1.19623e+10    5.67726e+09
            150    1.74753e+36    1.23137e+10    5.84523e+09
            151     2.0402e+36    1.26722e+10    6.01655e+09
            152    2.38032e+36    1.30378e+10    6.19124e+09
            153    2.77534e+36    1.34106e+10    6.36933e+09
            154    3.23382e+36    1.37906e+10    6.55086e+09
            155    3.76563e+36     1.4178e+10    6.73585e+09
            156    4.38212e+36    1.45728e+10    6.92432e+09
            157    5.09634e+36    1.49751e+10     7.1163e+09
            158    5.92328e+36    1.53849e+10    7.31183e+09
            159    6.88014e+36    1.58023e+10    7.51093e+09
            160    7.98668e+36    1.62273e+10    7.71362e+09
            161    9.26556e+36    1.66601e+10    7.91993e+09
            162    1.07427e+37    1.71006e+10    8.12989e+09
            163     1.2448e+37     1.7549e+10    8.34353e+09
            164    1.44154e+37    1.80053e+10    8.56085e+09
            165     1.6684e+37    1.84695e+10    8.78191e+09
            166    1.92983e+37    1.89418e+10    9.00671e+09
            167    2.23093e+37    1.94222e+10    9.23528e+09
            168    2.57754e+37    1.99107e+10    9.46764e+09
            169    2.97632e+37    2.04075e+10    9.70383e+09
            170    3.43484e+37    2.09125e+10    9.94385e+09
            171     3.9618e+37    2.14258e+10    1.01877e+10
            172    4.56706e+37    2.19475e+10    1.04355e+10
            173     5.2619e+37    2.24777e+10    1.06872e+10
            174    6.05914e+37    2.30164e+10    1.09428e+10
            175    6.97339e+37    2.35636e+10    1.12024e+10
            176    8.02129e+37    2.41194e+10    1.14659e+10
            177    9.22175e+37     2.4684e+10    1.17335e+10
            178    1.05963e+38    2.52572e+10    1.20051e+10
            179    1.21693e+38    2.58392e+10    1.22806e+10
            180    1.39685e+38      2.643e+10    1.25603e+10
            181    1.60255e+38    2.70298e+10     1.2844e+10
            182    1.83759e+38    2.76384e+10    1.31318e+10
            183    2.10604e+38    2.82561e+10    1.34238e+10
            184    2.41249e+38    2.88828e+10    1.37198e+10
            185    2.76215e+38    2.95186e+10    1.40201e+10
            186    3.16091e+38    3.01635e+10    1.43245e+10
            187    3.61546e+38    3.08176e+10     1.4633e+10
            188    4.13335e+38     3.1481e+10    1.49458e+10
            189    4.72312e+38    3.21537e+10    1.52628e+10
            190    5.39446e+38    3.28357e+10     1.5584e+10
            191    6.15826e+38    3.35271e+10    1.59095e+10
            192    7.02687e+38    3.42279e+10    1.62393e+10
            193    8.01422e+38    3.49382e+10    1.65733e+10
            194    9.13602e+38     3.5658e+10    1.69117e+10
            195      1.041e+39    3.63875e+10    1.72543e+10
            196    1.18562e+39    3.71265e+10    1.76013e+10
            197    1.34971e+39    3.78752e+10    1.79527e+10
            198    1.53581e+39    3.86337e+10    1.83084e+10
            199    1.74678e+39    3.94018e+10    1.86684e+10
well = w_6
    E, kcal/mol    D, mol/kcal       w_6->w_4
              0    1.01315e+18        39.1361
              1     1.8072e+18        81.6672
              2    3.18303e+18        168.282
              3    5.53941e+18        341.351
              4    9.53107e+18        677.592
              5    1.62225e+19        1306.96
              6    2.73284e+19        2436.53
              7     4.5587e+19         4380.1
              8    7.53333e+19        7592.83
              9    1.23376e+20        12710.5
             10    2.00327e+20        20592.1
             11      3.226e+20        32366.7
             12    5.15409e+20        49481.2
             13    8.17213e+20        73750.7
             14     1.2863e+21         107409
             15    2.01042e+21         153162
             16    3.12095e+21         214231
             17    4.81329e+21         294409
             18    7.37657e+21         398105
             19    1.12361e+22         530386
             20    1.70143e+22         697024
             21    2.56173e+22         904530
             22    3.83577e+22    1.16019e+06
             23    5.71278e+22    1.47211e+06
             24    8.46425e+22    1.84923e+06
             25     1.2478e+23    2.30134e+06
             26    1.83053e+23    2.83914e+06
             27     2.6727e+23    3.47421e+06
             28    3.88438e+23    4.21908e+06
             29    5.62015e+23    5.08719e+06
             30     8.0962e+23    6.09293e+06
             31    1.16138e+24    7.25161e+06
             32     1.6591e+24    8.57953e+06
             33    2.36062e+24    1.00939e+07
             34    3.34564e+24    1.18129e+07
             35    4.72361e+24    1.37556e+07
             36    6.64433e+24     1.5942e+07
             37    9.31217e+24    1.83931e+07
             38     1.3005e+25    2.11307e+07
             39    1.80995e+25    2.41776e+07
             40    2.51048e+25    2.75573e+07
             41    3.47065e+25    3.12942e+07
             42     4.7826e+25    3.54138e+07
             43    6.56971e+25    3.99419e+07
             44     8.9968e+25    4.49056e+07
             45    1.22834e+26    5.03325e+07
             46    1.67212e+26    5.62508e+07
             47    2.26966e+26    6.26897e+07
             48    3.07201e+26    6.96789e+07
             49     4.1465e+26    7.72489e+07
             50    5.58164e+26    8.54306e+07
             51     7.4935e+26    9.42558e+07
             52     1.0034e+27    1.03757e+08
             53    1.34016e+27    1.13966e+08
             54    1.78544e+27    1.24916e+08
             55    2.37284e+27    1.36643e+08
             56    3.14588e+27    1.49178e+08
             57    4.16091e+27    1.62558e+08
             58    5.49066e+27    1.76817e+08
             59    7.22886e+27    1.91991e+08
             60    9.49603e+27    2.08115e+08
             61    1.24468e+28    2.25225e+08
             62    1.62793e+28    2.43359e+08
             63    2.12467e+28    2.62551e+08
             64    2.76721e+28    2.82839e+08
             65    3.59667e+28    3.04261e+08
             66    4.66534e+28    3.26853e+08
             67    6.03955e+28    3.50652e+08
             68    7.80332e+28    3.75697e+08
             69    1.00629e+29    4.02024e+08
             70    1.29522e+29    4.29671e+08
             71    1.66403e+29    4.58676e+08
             72    2.13396e+29    4.89077e+08
             73    2.73168e+29    5.20912e+08
             74    3.49063e+29    5.54217e+08
             75    4.45269e+29    5.89032e+08
             76    5.67018e+29    6.25393e+08
             77    7.20837e+29    6.63337e+08
             78    9.14861e+29    7.02903e+08
             79    1.15921e+30    7.44128e+08
             80    1.46645e+30    7.87049e+08
             81    1.85217e+30    8.31703e+08
             82    2.33569e+30    8.78127e+08
             83    2.94089e+30    9.26358e+08
             84    3.69727e+30    9.76431e+08
             85    4.64121e+30    1.02838e+09
             86    5.81754e+30    1.08225e+09
             87    7.28137e+30    1.13807e+09
             88    9.10044e+30    1.19588e+09
             89    1.13578e+31    1.25571e+09
             90    1.41553e+31     1.3176e+09
             91    1.76176e+31    1.38157e+09
             92    2.18967e+31    1.44768e+09
             93    2.71788e+31    1.51594e+09
             94    3.36902e+31     1.5864e+09
             95     4.1707e+31    1.65909e+09
             96    5.15648e+31    1.73404e+09
             97    6.36713e+31    1.81128e+09
             98    7.85213e+31    1.89085e+09
             99    9.67145e+31    1.97278e+09
            100    1.18977e+32     2.0571e+09
            101    1.46186e+32    2.14383e+09
            102    1.79404e+32    2.23302e+09
            103    2.19909e+32     2.3247e+09
            104    2.69245e+32    2.41888e+09
            105    3.29269e+32    2.51561e+09
            106    4.02216e+32    2.61491e+09
            107    4.90771e+32    2.71681e+09
            108    5.98158e+32    2.82134e+09
            109     7.2824e+32    2.92852e+09
            110     8.8565e+32    3.03839e+09
            111    1.07593e+33    3.15098e+09
            112     1.3057e+33     3.2663e+09
            113    1.58288e+33    3.38439e+09
            114    1.91691e+33    3.50526e+09
            115    2.31906e+33    3.62896e+09
            116    2.80273e+33     3.7555e+09
            117    3.38388e+33     3.8849e+09
            118    4.08148e+33    4.01719e+09
            119    4.91808e+33     4.1524e+09
            120    5.92042e+33    4.29054e+09
            121    7.12021e+33    4.43165e+09
            122    8.55503e+33    4.57573e+09
            123    1.02694e+34    4.72283e+09
            124    1.23158e+34    4.87294e+09
            125    1.47564e+34    5.02611e+09
            126    1.76647e+34    5.18234e+09
            127    2.11272e+34    5.34166e+09
            128    2.52458e+34    5.50409e+09
            129    3.01409e+34    5.66965e+09
            130    3.59538e+34    5.83835e+09
            131    4.28508e+34    6.01022e+09
            132    5.10272e+34    6.18527e+09
            133    6.07126e+34    6.36352e+09
            134     7.2176e+34    6.54498e+09
            135    8.57328e+34    6.72969e+09
            136    1.01753e+35    6.91764e+09
            137    1.20668e+35    7.10886e+09
            138    1.42985e+35    7.30336e+09
            139    1.69294e+35    7.50115e+09
            140    2.00287e+35    7.70226e+09
            141    2.36769e+35     7.9067e+09
            142     2.7968e+35    8.11447e+09
            143    3.30115e+35     8.3256e+09
            144    3.89351e+35     8.5401e+09
            145    4.58871e+35    8.75797e+09
            146    5.40403e+35    8.97924e+09
            147    6.35953e+35    9.20391e+09
            148    7.47852e+35    9.43199e+09
            149    8.78805e+35     9.6635e+09
            150    1.03195e+36    9.89845e+09
            151    1.21092e+36    1.01368e+10
            152    1.41994e+36    1.03787e+10
            153    1.66388e+36     1.0624e+10
            154    1.94837e+36    1.08728e+10
            155    2.27996e+36    1.11251e+10
            156    2.66616e+36    1.13809e+10
            157     3.1157e+36    1.16401e+10
            158    3.63861e+36    1.19029e+10
            159    4.24648e+36    1.21692e+10
            160    4.95266e+36     1.2439e+10
            161    5.77253e+36    1.27124e+10
            162    6.72381e+36    1.29893e+10
            163    7.82687e+36    1.32697e+10
            164    9.10513e+36    1.35537e+10
            165    1.05855e+37    1.38412e+10
            166     1.2299e+37    1.41323e+10
            167    1.42811e+37     1.4427e+10
            168    1.65724e+37    1.47252e+10
            169    1.92198e+37     1.5027e+10
            170    2.22767e+37    1.53324e+10
            171    2.58045e+37    1.56414e+10
            172    2.98733e+37    1.59539e+10
            173    3.45635e+37    1.62701e+10
            174    3.99668e+37    1.65898e+10
            175    4.61883e+37    1.69131e+10
            176    5.33478e+37      1.724e+10
            177    6.15822e+37    1.75705e+10
            178    7.10478e+37    1.79047e+10
            179    8.19226e+37    1.82424e+10
            180    9.44099e+37    1.85837e+10
            181    1.08741e+38    1.89286e+10
            182    1.25179e+38    1.92771e+10
            183    1.44025e+38    1.96292e+10
            184     1.6562e+38     1.9985e+10
            185    1.90351e+38    2.03443e+10
            186     2.1866e+38    2.07072e+10
            187    2.51047e+38    2.10737e+10
            188    2.88083e+38    2.14439e+10
            189    3.30413e+38    2.18176e+10
            190    3.78768e+38    2.21949e+10
            191    4.33981e+38    2.25759e+10
            192    4.96992e+38    2.29604e+10
            193    5.68869e+38    2.33485e+10
            194    6.50818e+38    2.37402e+10
            195    7.44206e+38    2.41355e+10
            196    8.50581e+38    2.45344e+10
            197    9.71689e+38    2.49368e+10
            198    1.10951e+39    2.53429e+10
            199    1.26627e+39    2.57525e+10
