Model::init:  starts
   Model::ExponentialKernel::ExponentialKernel:  ... done
   Model::LennardJonesCollision::LennardJonesCollision:  ... done
   WELL: w_1
-------------------------------------------
| Model::Species::Species: WARNING: unknown keyword: Core
| Available keys:
| Geometry[angstrom]
| Geometry[au]
| Mass[amu]
| Stoichiometry
| Print[1/cm]
| Hint: to get rid of this message separate the base class input from the derived class one with +++
-------------------------------------------
   Model::RRHO::RRHO:  starts
      Model::new_core:  starts
         Model::RigidRotor::RigidRotor:  starts
            molecular geometry will be used to estimate rotational constants
            rotational configuration: nonlinear
            rotational constants[1/cm]:      0.296    0.0793    0.0669
         Model::RigidRotor::RigidRotor:  done, cpu time[sec] = 0.13, elapsed time[sec] = 0
      Model::new_core:  done, cpu time[sec] = 0.13, elapsed time[sec] = 0
      1-th ROTOR:
-------------------------------------------
| Model::Rotor::Rotor: WARNING: unknown keyword: Group
| Available keys:
| Geometry[angstrom]
| Geometry[au]
| HamiltonSizeMax
| HamiltonSizeMin
| GridSize
| ThermalPowerMax
| Hint: to get rid of this message separate the base class input from the derived class one with +++
-------------------------------------------
-------------------------------------------
| Model::InternalRotationDef::init: WARNING: unknown keyword: Potential[kcal/mol]
| Available keys:
| Group
| Axis
| Symmetry
| Hint: to get rid of this message separate the base class input from the derived class one with +++
-------------------------------------------
      Model::HinderedRotor::HinderedRotor:  starts
         Model::HinderedRotor::_read:  starts
            first point frequency estimate = 72.8 1/cm
            Fourier Expansion Coefficients(kcal/mol):
              0     0.811
              1    0.0606
              2     0.128
              3    0.0119
              4     0.151
              5    -0.878
              6   0.00162
              7   -0.0417
              8  -0.00289
              9   -0.0142
             10   -0.0359
             11    0.0508
             12   -0.0492
             13   0.00329
             14  -0.00652
             15  -0.00583
             16   0.00433
             17    0.0116
             18   0.00662
             19   -0.0127
             20 -0.000361
             21  -0.00797
             22  -0.00164
             23    0.0117
         Model::HinderedRotor::_read:  done, cpu time[sec] = 0, elapsed time[sec] = 0
         effective rotational constant[1/cm]  = 1.1
         potential minimum angle[deg]         = 247
         analytic  frequency at minimum[1/cm] = 61.4
         numerical frequency at minimum[1/cm] = 61.4
         minimum energy[kcal/mol]             = -0.0163
         maximum energy[kcal/mol]             = 2.1
         maximum frequency[1/cm]              = 88.2
         ground energy [kcal/mol]             = 0.069
         highest energy level [kcal/mol]      = 784
         number of levels                     = 997
         10 lowest excited states [kcal/mol] relative to the ground: 0.00536 0.0346 0.171 0.176 0.239 0.357 0.364 0.439 0.546
         Statistical Weight (*** - deep tunneling regime):
          T, K   Quantum        PG        PI  ***
           100      4.66      4.69      4.66
           200       7.9       7.9       7.9
           300      11.3      11.3      11.3
           400      14.7      14.7      14.7
           500        18        18        18
           600      21.1      21.1      21.1
           700      24.1      24.1      24.1
           800      26.9      26.9      26.9
           900      29.6      29.6      29.6
          1000      32.2      32.2      32.2
      Model::HinderedRotor::HinderedRotor:  done, cpu time[sec] = 1.82, elapsed time[sec] = 0
      2-th ROTOR:
-------------------------------------------
| Model::Rotor::Rotor: WARNING: unknown keyword: Group
| Available keys:
| Geometry[angstrom]
| Geometry[au]
| HamiltonSizeMax
| HamiltonSizeMin
| GridSize
| ThermalPowerMax
| Hint: to get rid of this message separate the base class input from the derived class one with +++
-------------------------------------------
-------------------------------------------
| Model::InternalRotationDef::init: WARNING: unknown keyword: Potential[kcal/mol]
| Available keys:
| Group
| Axis
| Symmetry
| Hint: to get rid of this message separate the base class input from the derived class one with +++
-------------------------------------------
      Model::HinderedRotor::HinderedRotor:  starts
         Model::HinderedRotor::_read:  starts
            first point frequency estimate = 209 1/cm
            Fourier Expansion Coefficients(kcal/mol):
              0      1.38
              1     -1.41
              2   6.8e-17
              3    0.0325
              4     0.005
              5 -0.000393
              6   6.8e-17
              7  -0.00125
         Model::HinderedRotor::_read:  done, cpu time[sec] = 0, elapsed time[sec] = 0
         effective rotational constant[1/cm]  = 5.53
         potential minimum angle[deg]         = 120
         analytic  frequency at minimum[1/cm] = 213
         numerical frequency at minimum[1/cm] = 213
         minimum energy[kcal/mol]             = -3.7e-05
         maximum energy[kcal/mol]             = 2.83
         maximum frequency[1/cm]              = 214
         ground energy [kcal/mol]             = 0.297
         highest energy level [kcal/mol]      = 3.53e+04
         number of levels                     = 997
         10 lowest excited states [kcal/mol] relative to the ground: 0.578 1.12 1.63 2.06 2.53 2.66 3.48 3.48 4.72
         Statistical Weight (*** - deep tunneling regime):
          T, K   Quantum        PG        PI  ***
           100      1.06      1.03      1.05
           200      1.32       1.3      1.32
           300      1.66      1.64      1.66
           400      2.04      2.02      2.04
           500      2.43      2.42      2.43
           600      2.83      2.81      2.83
           700      3.22       3.2      3.22
           800       3.6      3.58       3.6
           900      3.97      3.95      3.97
          1000      4.32      4.31      4.32
      Model::HinderedRotor::HinderedRotor:  done, cpu time[sec] = 2.06, elapsed time[sec] = 1
      ground state energy = 0 kcal/mol
      interpolating states number/density starts
         core state contribution ... done, cpu time[sec] = 0, elapsed time[sec] = 0
         electronic states contribution ... done, cpu time[sec] = 0, elapsed time[sec] = 0
         vibrational modes contribution ... done, cpu time[sec] = 0.01, elapsed time[sec] = 0
         hindered rotors contribution starts
            Model::HinderedRotor::set:  starts
            Model::HinderedRotor::set:  done, cpu time[sec] = 0, elapsed time[sec] = 0
            Model::HinderedRotor::set:  starts
            Model::HinderedRotor::set:  done, cpu time[sec] = 0, elapsed time[sec] = 0
         hindered rotors contribution done, cpu time[sec] = 2.5, elapsed time[sec] = 0
         effective power exponent at 400 kcal/mol = 32.4
      interpolating states number/density done, cpu time[sec] = 2.6, elapsed time[sec] = 0
   Model::RRHO::RRHO:  done, cpu time[sec] = 6.61, elapsed time[sec] = 1
   WELL: w_2
-------------------------------------------
| Model::Species::Species: WARNING: unknown keyword: Core
| Available keys:
| Geometry[angstrom]
| Geometry[au]
| Mass[amu]
| Stoichiometry
| Print[1/cm]
| Hint: to get rid of this message separate the base class input from the derived class one with +++
-------------------------------------------
   Model::RRHO::RRHO:  starts
      Model::new_core:  starts
         Model::RigidRotor::RigidRotor:  starts
            molecular geometry will be used to estimate rotational constants
            rotational configuration: nonlinear
            rotational constants[1/cm]:      0.304    0.0677    0.0573
         Model::RigidRotor::RigidRotor:  done, cpu time[sec] = 0, elapsed time[sec] = 0
      Model::new_core:  done, cpu time[sec] = 0, elapsed time[sec] = 0
      1-th ROTOR:
-------------------------------------------
| Model::Rotor::Rotor: WARNING: unknown keyword: Group
| Available keys:
| Geometry[angstrom]
| Geometry[au]
| HamiltonSizeMax
| HamiltonSizeMin
| GridSize
| ThermalPowerMax
| Hint: to get rid of this message separate the base class input from the derived class one with +++
-------------------------------------------
-------------------------------------------
| Model::InternalRotationDef::init: WARNING: unknown keyword: Potential[kcal/mol]
| Available keys:
| Group
| Axis
| Symmetry
| Hint: to get rid of this message separate the base class input from the derived class one with +++
-------------------------------------------
      Model::HinderedRotor::HinderedRotor:  starts
         Model::HinderedRotor::_read:  starts
            first point frequency estimate = 109 1/cm
            Fourier Expansion Coefficients(kcal/mol):
              0     0.497
              1    -0.531
              2     0.132
              3    0.0292
              4    0.0303
              5     0.015
              6   -0.0333
              7   -0.0025
              8   -0.0101
              9  -0.00875
             10 -0.000562
             11  0.000833
         Model::HinderedRotor::_read:  done, cpu time[sec] = 0, elapsed time[sec] = 0
         effective rotational constant[1/cm]  = 9.77
         potential minimum angle[deg]         = 177
         analytic  frequency at minimum[1/cm] = 97.6
         numerical frequency at minimum[1/cm] = 97.6
         minimum energy[kcal/mol]             = -0.00268
         maximum energy[kcal/mol]             = 1.05
         maximum frequency[1/cm]              = 175
         ground energy [kcal/mol]             = 0.129
         highest energy level [kcal/mol]      = 2.77e+04
         number of levels                     = 997
         10 lowest excited states [kcal/mol] relative to the ground: 0.289 0.584 0.859 0.953 1.41 1.42 2.18 2.18 3.18
         Statistical Weight (*** - deep tunneling regime):
          T, K   Quantum        PG        PI  ***
           100      1.31      1.32      1.31
           200      1.98      1.98      1.98
           300      2.68      2.67      2.68
           400      3.33      3.32      3.33
           500      3.92      3.92      3.92
           600      4.47      4.47      4.47
           700      4.98      4.98      4.98
           800      5.46      5.45      5.46
           900      5.91       5.9      5.91
          1000      6.33      6.32      6.33
      Model::HinderedRotor::HinderedRotor:  done, cpu time[sec] = 1.18, elapsed time[sec] = 0
      2-th ROTOR:
-------------------------------------------
| Model::Rotor::Rotor: WARNING: unknown keyword: Group
| Available keys:
| Geometry[angstrom]
| Geometry[au]
| HamiltonSizeMax
| HamiltonSizeMin
| GridSize
| ThermalPowerMax
| Hint: to get rid of this message separate the base class input from the derived class one with +++
-------------------------------------------
-------------------------------------------
| Model::InternalRotationDef::init: WARNING: unknown keyword: Potential[kcal/mol]
| Available keys:
| Group
| Axis
| Symmetry
| Hint: to get rid of this message separate the base class input from the derived class one with +++
-------------------------------------------
      Model::HinderedRotor::HinderedRotor:  starts
         Model::HinderedRotor::_read:  starts
            first point frequency estimate = 51.1 1/cm
            Fourier Expansion Coefficients(kcal/mol):
              0     0.377
              1    -0.118
              2   -0.0317
              3  0.000468
              4 -0.000468
              5     -0.21
              6    -0.185
              7   -0.0375
              8    -0.052
              9   0.00346
             10    0.0119
             11    0.0117
             12    0.0992
             13 -0.000784
             14    0.0127
             15   0.00167
             16  -0.00433
             17   -0.0084
             18    0.0137
             19  -0.00964
             20   0.00964
             21  -0.00596
             22  0.000893
             23  -0.00375
         Model::HinderedRotor::_read:  done, cpu time[sec] = 0, elapsed time[sec] = 0
         effective rotational constant[1/cm]  = 1.07
         potential minimum angle[deg]         = 359
         analytic  frequency at minimum[1/cm] = 65.6
         numerical frequency at minimum[1/cm] = 65.6
         minimum energy[kcal/mol]             = -0.00198
         maximum energy[kcal/mol]             = 0.781
         maximum frequency[1/cm]              = 73.2
         ground energy [kcal/mol]             = 0.0555
         highest energy level [kcal/mol]      = 757
         number of levels                     = 997
         10 lowest excited states [kcal/mol] relative to the ground: 0.0517 0.168 0.17 0.17 0.277 0.281 0.282 0.353 0.355
         Statistical Weight (*** - deep tunneling regime):
          T, K   Quantum        PG        PI  ***
           100      5.03      4.92      5.03
           200      10.6      10.5      10.6
           300      15.5      15.5      15.5
           400      19.9      19.9      19.9
           500      23.8      23.7      23.8
           600      27.3      27.2      27.3
           700      30.5      30.4      30.5
           800      33.4      33.4      33.4
           900      36.2      36.1      36.2
          1000      38.7      38.7      38.7
      Model::HinderedRotor::HinderedRotor:  done, cpu time[sec] = 2.02, elapsed time[sec] = 1
      3-th ROTOR:
-------------------------------------------
| Model::Rotor::Rotor: WARNING: unknown keyword: Group
| Available keys:
| Geometry[angstrom]
| Geometry[au]
| HamiltonSizeMax
| HamiltonSizeMin
| GridSize
| ThermalPowerMax
| Hint: to get rid of this message separate the base class input from the derived class one with +++
-------------------------------------------
-------------------------------------------
| Model::InternalRotationDef::init: WARNING: unknown keyword: Potential[kcal/mol]
| Available keys:
| Group
| Axis
| Symmetry
| Hint: to get rid of this message separate the base class input from the derived class one with +++
-------------------------------------------
      Model::HinderedRotor::HinderedRotor:  starts
         Model::HinderedRotor::_read:  starts
            first point frequency estimate = 48.6 1/cm
            Fourier Expansion Coefficients(kcal/mol):
              0     0.895
              1    -0.583
              2    -0.109
              3   -0.0843
              4   -0.0332
              5    -0.201
              6    -0.129
              7 -0.000417
              8   0.00505
              9   -0.0529
             10   -0.0686
             11    0.0425
             12    0.0867
             13   0.00588
             14     0.031
             15  -0.00792
             16   -0.0209
             17   0.00219
             18    0.0139
             19   -0.0107
             20    0.0274
             21   -0.0068
             22   -0.0149
             23  0.000417
         Model::HinderedRotor::_read:  done, cpu time[sec] = 0, elapsed time[sec] = 0
         effective rotational constant[1/cm]  = 0.963
         potential minimum angle[deg]         = 1.08
         analytic  frequency at minimum[1/cm] = 51.3
         numerical frequency at minimum[1/cm] = 51.3
         minimum energy[kcal/mol]             = -0.000789
         maximum energy[kcal/mol]             = 1.8
         maximum frequency[1/cm]              = 79.4
         ground energy [kcal/mol]             = 0.0528
         highest energy level [kcal/mol]      = 683
         number of levels                     = 997
         10 lowest excited states [kcal/mol] relative to the ground: 0.0839 0.198 0.321 0.445 0.565 0.677 0.776 0.852 0.861
         Statistical Weight (*** - deep tunneling regime):
          T, K   Quantum        PG        PI  ***
           100      2.54      2.52      2.54
           200      5.25      5.23      5.25
           300      8.77      8.76      8.77
           400      12.5      12.5      12.5
           500      16.2      16.2      16.2
           600      19.7      19.7      19.7
           700        23        23        23
           800      26.2      26.2      26.2
           900      29.2      29.2      29.2
          1000      32.1      32.1      32.1
      Model::HinderedRotor::HinderedRotor:  done, cpu time[sec] = 1.43, elapsed time[sec] = 0
      4-th ROTOR:
-------------------------------------------
| Model::Rotor::Rotor: WARNING: unknown keyword: Group
| Available keys:
| Geometry[angstrom]
| Geometry[au]
| HamiltonSizeMax
| HamiltonSizeMin
| GridSize
| ThermalPowerMax
| Hint: to get rid of this message separate the base class input from the derived class one with +++
-------------------------------------------
-------------------------------------------
| Model::InternalRotationDef::init: WARNING: unknown keyword: Potential[kcal/mol]
| Available keys:
| Group
| Axis
| Symmetry
| Hint: to get rid of this message separate the base class input from the derived class one with +++
-------------------------------------------
      Model::HinderedRotor::HinderedRotor:  starts
         Model::HinderedRotor::_read:  starts
            first point frequency estimate = 180 1/cm
            Fourier Expansion Coefficients(kcal/mol):
              0      1.06
              1     -1.09
              2    0.0334
              3     0.035
              4   -0.0075
              5  -0.00126
              6  -0.00159
              7   0.00125
         Model::HinderedRotor::_read:  done, cpu time[sec] = 0, elapsed time[sec] = 0
         effective rotational constant[1/cm]  = 5.6
         potential minimum angle[deg]         = 120
         analytic  frequency at minimum[1/cm] = 182
         numerical frequency at minimum[1/cm] = 182
         minimum energy[kcal/mol]             = -9.68e-05
         maximum energy[kcal/mol]             = 2.19
         maximum frequency[1/cm]              = 183
         ground energy [kcal/mol]             = 0.256
         highest energy level [kcal/mol]      = 3.57e+04
         number of levels                     = 997
         10 lowest excited states [kcal/mol] relative to the ground: 0.499 0.967 1.4 1.72 2.21 2.26 3.18 3.18 4.45
         Statistical Weight (*** - deep tunneling regime):
          T, K   Quantum        PG        PI  ***
           100      1.09      1.07      1.08
           200      1.42      1.41      1.42
           300      1.84      1.82      1.84
           400      2.28      2.27      2.28
           500      2.73      2.71      2.73
           600      3.16      3.14      3.16
           700      3.58      3.56      3.58
           800      3.98      3.97      3.98
           900      4.36      4.35      4.36
          1000      4.73      4.72      4.73
      Model::HinderedRotor::HinderedRotor:  done, cpu time[sec] = 13.8, elapsed time[sec] = 2
      ground state energy = -21 kcal/mol
      interpolating states number/density starts
         core state contribution ... done, cpu time[sec] = 0, elapsed time[sec] = 0
         electronic states contribution ... done, cpu time[sec] = 0, elapsed time[sec] = 0
         vibrational modes contribution ... done, cpu time[sec] = 0.01, elapsed time[sec] = 0
         hindered rotors contribution starts
            Model::HinderedRotor::set:  starts
            Model::HinderedRotor::set:  done, cpu time[sec] = 0, elapsed time[sec] = 0
            Model::HinderedRotor::set:  starts
            Model::HinderedRotor::set:  done, cpu time[sec] = 0, elapsed time[sec] = 0
            Model::HinderedRotor::set:  starts
            Model::HinderedRotor::set:  done, cpu time[sec] = 0, elapsed time[sec] = 0
            Model::HinderedRotor::set:  starts
            Model::HinderedRotor::set:  done, cpu time[sec] = 0, elapsed time[sec] = 0
         hindered rotors contribution done, cpu time[sec] = 14.1, elapsed time[sec] = 2
         effective power exponent at 421 kcal/mol = 32.1
      interpolating states number/density done, cpu time[sec] = 14.2, elapsed time[sec] = 2
   Model::RRHO::RRHO:  done, cpu time[sec] = 32.7, elapsed time[sec] = 5
   WELL: w_4
-------------------------------------------
| Model::Species::Species: WARNING: unknown keyword: Core
| Available keys:
| Geometry[angstrom]
| Geometry[au]
| Mass[amu]
| Stoichiometry
| Print[1/cm]
| Hint: to get rid of this message separate the base class input from the derived class one with +++
-------------------------------------------
   Model::RRHO::RRHO:  starts
      Model::new_core:  starts
         Model::RigidRotor::RigidRotor:  starts
            molecular geometry will be used to estimate rotational constants
            rotational configuration: nonlinear
            rotational constants[1/cm]:      0.315    0.0659    0.0562
         Model::RigidRotor::RigidRotor:  done, cpu time[sec] = 0, elapsed time[sec] = 0
      Model::new_core:  done, cpu time[sec] = 0, elapsed time[sec] = 0
      1-th ROTOR:
-------------------------------------------
| Model::Rotor::Rotor: WARNING: unknown keyword: Group
| Available keys:
| Geometry[angstrom]
| Geometry[au]
| HamiltonSizeMax
| HamiltonSizeMin
| GridSize
| ThermalPowerMax
| Hint: to get rid of this message separate the base class input from the derived class one with +++
-------------------------------------------
-------------------------------------------
| Model::InternalRotationDef::init: WARNING: unknown keyword: Potential[kcal/mol]
| Available keys:
| Group
| Axis
| Symmetry
| Hint: to get rid of this message separate the base class input from the derived class one with +++
-------------------------------------------
      Model::HinderedRotor::HinderedRotor:  starts
         Model::HinderedRotor::_read:  starts
            first point frequency estimate = 98.6 1/cm
            Fourier Expansion Coefficients(kcal/mol):
              0     0.264
              1    -0.255
              2   -0.0291
              3   -0.0075
              4     0.005
              5 -0.000221
              6  0.000858
              7  -0.00125
         Model::HinderedRotor::_read:  done, cpu time[sec] = 0, elapsed time[sec] = 0
         effective rotational constant[1/cm]  = 5.6
         potential minimum angle[deg]         = 1.08
         analytic  frequency at minimum[1/cm] = 103
         numerical frequency at minimum[1/cm] = 103
         minimum energy[kcal/mol]             = -0.000448
         maximum energy[kcal/mol]             = 0.513
         maximum frequency[1/cm]              = 104
         ground energy [kcal/mol]             = 0.131
         highest energy level [kcal/mol]      = 3.57e+04
         number of levels                     = 997
         10 lowest excited states [kcal/mol] relative to the ground: 0.243 0.366 0.723 0.726 1.44 1.44 2.44 2.44 3.74
         Statistical Weight (*** - deep tunneling regime):
          T, K   Quantum        PG        PI  ***
           100      1.51      1.43       1.5
           200      2.32      2.28      2.32
           300      3.02      2.99      3.02
           400      3.61      3.59      3.61
           500      4.14      4.13      4.14
           600      4.61       4.6      4.61
           700      5.05      5.04      5.05
           800      5.45      5.44      5.45
           900      5.83      5.82      5.83
          1000      6.18      6.18      6.18
      Model::HinderedRotor::HinderedRotor:  done, cpu time[sec] = 1.65, elapsed time[sec] = 0
      2-th ROTOR:
-------------------------------------------
| Model::Rotor::Rotor: WARNING: unknown keyword: Group
| Available keys:
| Geometry[angstrom]
| Geometry[au]
| HamiltonSizeMax
| HamiltonSizeMin
| GridSize
| ThermalPowerMax
| Hint: to get rid of this message separate the base class input from the derived class one with +++
-------------------------------------------
-------------------------------------------
| Model::InternalRotationDef::init: WARNING: unknown keyword: Potential[kcal/mol]
| Available keys:
| Group
| Axis
| Symmetry
| Hint: to get rid of this message separate the base class input from the derived class one with +++
-------------------------------------------
      Model::HinderedRotor::HinderedRotor:  starts
         Model::HinderedRotor::_read:  starts
            first point frequency estimate = 40.6 1/cm
            Fourier Expansion Coefficients(kcal/mol):
              0     0.668
              1    -0.519
              2   0.00161
              3    0.0388
              4 -0.000833
              5    -0.101
              6  0.000589
              7    -0.109
              8   0.00144
              9    0.0455
             10  0.000431
             11    -0.025
             12  0.000833
             13   -0.0038
             14  0.000431
             15   0.00583
             16   0.00144
             17  -0.00276
             18  0.000589
             19   0.00124
             20 -0.000833
             21  0.000208
             22   0.00161
             23  0.000417
         Model::HinderedRotor::_read:  done, cpu time[sec] = 0, elapsed time[sec] = 0
         effective rotational constant[1/cm]  = 0.951
         potential minimum angle[deg]         = 359
         analytic  frequency at minimum[1/cm] = 42.1
         numerical frequency at minimum[1/cm] = 42.1
         minimum energy[kcal/mol]             = -0.000361
         maximum energy[kcal/mol]             = 1.25
         maximum frequency[1/cm]              = 45.9
         ground energy [kcal/mol]             = 0.0578
         highest energy level [kcal/mol]      = 675
         number of levels                     = 997
         10 lowest excited states [kcal/mol] relative to the ground: 0.112 0.215 0.307 0.386 0.451 0.496 0.516 0.53 0.556
         Statistical Weight (*** - deep tunneling regime):
          T, K   Quantum        PG        PI  ***
           100      2.96      2.94      2.96
           200      7.03      7.01      7.03
           300      11.5      11.5      11.5
           400      15.7      15.7      15.7
           500      19.7      19.7      19.7
           600      23.4      23.4      23.4
           700      26.8      26.8      26.8
           800        30        30        30
           900      33.1      33.1      33.1
          1000      35.9      35.9      35.9
      Model::HinderedRotor::HinderedRotor:  done, cpu time[sec] = 2.69, elapsed time[sec] = 1
      3-th ROTOR:
-------------------------------------------
| Model::Rotor::Rotor: WARNING: unknown keyword: Group
| Available keys:
| Geometry[angstrom]
| Geometry[au]
| HamiltonSizeMax
| HamiltonSizeMin
| GridSize
| ThermalPowerMax
| Hint: to get rid of this message separate the base class input from the derived class one with +++
-------------------------------------------
-------------------------------------------
| Model::InternalRotationDef::init: WARNING: unknown keyword: Potential[kcal/mol]
| Available keys:
| Group
| Axis
| Symmetry
| Hint: to get rid of this message separate the base class input from the derived class one with +++
-------------------------------------------
      Model::HinderedRotor::HinderedRotor:  starts
         Model::HinderedRotor::_read:  starts
            first point frequency estimate = 184 1/cm
            Fourier Expansion Coefficients(kcal/mol):
              0      1.11
              1     -1.15
              2    0.0249
              3    0.0425
              4   -0.0025
              5 -0.000476
              6 -0.000126
              7         0
         Model::HinderedRotor::_read:  done, cpu time[sec] = 0, elapsed time[sec] = 0
         effective rotational constant[1/cm]  = 5.6
         potential minimum angle[deg]         = 120
         analytic  frequency at minimum[1/cm] = 186
         numerical frequency at minimum[1/cm] = 186
         minimum energy[kcal/mol]             = -0.000193
         maximum energy[kcal/mol]             = 2.3
         maximum frequency[1/cm]              = 186
         ground energy [kcal/mol]             = 0.261
         highest energy level [kcal/mol]      = 3.57e+04
         number of levels                     = 997
         10 lowest excited states [kcal/mol] relative to the ground: 0.509 0.989 1.44 1.78 2.26 2.32 3.23 3.23 4.5
         Statistical Weight (*** - deep tunneling regime):
          T, K   Quantum        PG        PI  ***
           100      1.08      1.06      1.08
           200      1.41      1.39       1.4
           300      1.81      1.79      1.81
           400      2.24      2.22      2.24
           500      2.67      2.66      2.67
           600       3.1      3.09       3.1
           700      3.51       3.5      3.51
           800      3.91       3.9      3.91
           900      4.29      4.28      4.29
          1000      4.66      4.65      4.66
      Model::HinderedRotor::HinderedRotor:  done, cpu time[sec] = 11.8, elapsed time[sec] = 1
      ground state energy = -30.9 kcal/mol
      interpolating states number/density starts
         core state contribution ... done, cpu time[sec] = 0.01, elapsed time[sec] = 0
         electronic states contribution ... done, cpu time[sec] = 0, elapsed time[sec] = 0
         vibrational modes contribution ... done, cpu time[sec] = 0, elapsed time[sec] = 0
         hindered rotors contribution starts
            Model::HinderedRotor::set:  starts
            Model::HinderedRotor::set:  done, cpu time[sec] = 0, elapsed time[sec] = 0
            Model::HinderedRotor::set:  starts
            Model::HinderedRotor::set:  done, cpu time[sec] = 0, elapsed time[sec] = 0
            Model::HinderedRotor::set:  starts
            Model::HinderedRotor::set:  done, cpu time[sec] = 0, elapsed time[sec] = 0
         hindered rotors contribution done, cpu time[sec] = 2.1, elapsed time[sec] = 1
         effective power exponent at 431 kcal/mol = 32.5
      interpolating states number/density done, cpu time[sec] = 2.19, elapsed time[sec] = 1
   Model::RRHO::RRHO:  done, cpu time[sec] = 18.4, elapsed time[sec] = 3
   WELL: w_6
-------------------------------------------
| Model::Species::Species: WARNING: unknown keyword: Core
| Available keys:
| Geometry[angstrom]
| Geometry[au]
| Mass[amu]
| Stoichiometry
| Print[1/cm]
| Hint: to get rid of this message separate the base class input from the derived class one with +++
-------------------------------------------
   Model::RRHO::RRHO:  starts
      Model::new_core:  starts
         Model::RigidRotor::RigidRotor:  starts
            molecular geometry will be used to estimate rotational constants
            rotational configuration: nonlinear
            rotational constants[1/cm]:      0.243    0.0717    0.0615
         Model::RigidRotor::RigidRotor:  done, cpu time[sec] = 0, elapsed time[sec] = 0
      Model::new_core:  done, cpu time[sec] = 0, elapsed time[sec] = 0
      1-th ROTOR:
-------------------------------------------
| Model::Rotor::Rotor: WARNING: unknown keyword: Group
| Available keys:
| Geometry[angstrom]
| Geometry[au]
| HamiltonSizeMax
| HamiltonSizeMin
| GridSize
| ThermalPowerMax
| Hint: to get rid of this message separate the base class input from the derived class one with +++
-------------------------------------------
-------------------------------------------
| Model::InternalRotationDef::init: WARNING: unknown keyword: Potential[kcal/mol]
| Available keys:
| Group
| Axis
| Symmetry
| Hint: to get rid of this message separate the base class input from the derived class one with +++
-------------------------------------------
      Model::HinderedRotor::HinderedRotor:  starts
         Model::HinderedRotor::_read:  starts
            first point frequency estimate = 57.6 1/cm
            Fourier Expansion Coefficients(kcal/mol):
              0     0.843
              1    0.0503
              2    -0.114
              3    -0.258
              4    -0.284
              5    -0.731
              6     0.243
              7 -0.000417
              8  -0.00361
              9    0.0643
             10    0.0377
             11    0.0458
             12   -0.0342
             13  -0.00107
             14  -0.00666
             15   -0.0121
             16  -0.00217
             17  -0.00393
             18   0.00315
             19   0.00199
             20   0.00278
             21   0.00141
             22  0.000836
             23 -0.000833
         Model::HinderedRotor::_read:  done, cpu time[sec] = 0, elapsed time[sec] = 0
         effective rotational constant[1/cm]  = 0.93
         potential minimum angle[deg]         = 360
         analytic  frequency at minimum[1/cm] = 58.3
         numerical frequency at minimum[1/cm] = 58.3
         minimum energy[kcal/mol]             = -8.15e-06
         maximum energy[kcal/mol]             = 2.28
         maximum frequency[1/cm]              = 59.7
         ground energy [kcal/mol]             = 0.0826
         highest energy level [kcal/mol]      = 660
         number of levels                     = 997
         10 lowest excited states [kcal/mol] relative to the ground: 0.00231 0.164 0.164 0.314 0.325 0.326 0.477 0.485 0.485
         Statistical Weight (*** - deep tunneling regime):
          T, K   Quantum        PG        PI  ***
           100      3.95      3.94      3.95
           200      7.53      7.52      7.53
           300      11.4      11.4      11.4
           400      15.2      15.2      15.2
           500      18.9      18.9      18.9
           600      22.4      22.4      22.4
           700      25.7      25.7      25.7
           800      28.8      28.8      28.8
           900      31.8      31.8      31.8
          1000      34.6      34.6      34.6
      Model::HinderedRotor::HinderedRotor:  done, cpu time[sec] = 1.2, elapsed time[sec] = 0
      2-th ROTOR:
-------------------------------------------
| Model::Rotor::Rotor: WARNING: unknown keyword: Group
| Available keys:
| Geometry[angstrom]
| Geometry[au]
| HamiltonSizeMax
| HamiltonSizeMin
| GridSize
| ThermalPowerMax
| Hint: to get rid of this message separate the base class input from the derived class one with +++
-------------------------------------------
-------------------------------------------
| Model::InternalRotationDef::init: WARNING: unknown keyword: Potential[kcal/mol]
| Available keys:
| Group
| Axis
| Symmetry
| Hint: to get rid of this message separate the base class input from the derived class one with +++
-------------------------------------------
      Model::HinderedRotor::HinderedRotor:  starts
         Model::HinderedRotor::_read:  starts
            first point frequency estimate = 287 1/cm
            Fourier Expansion Coefficients(kcal/mol):
              0      2.73
              1    -0.786
              2    0.0209
              3     -2.15
              4    0.0842
              5   -0.0364
              6   0.00888
              7     0.209
              8   -0.0339
              9    0.0149
             10  -0.00359
             11      0.01
             12  -0.00167
             13 -4.21e-05
             14  -0.00121
             15   0.00708
             16  -0.00361
             17   0.00136
             18  0.000547
             19  0.000508
             20 -0.000913
             21  0.000837
             22  0.000207
             23         0
         Model::HinderedRotor::_read:  done, cpu time[sec] = 0, elapsed time[sec] = 0
         effective rotational constant[1/cm]  = 21.8
         potential minimum angle[deg]         = 0
         analytic  frequency at minimum[1/cm] = 275
         numerical frequency at minimum[1/cm] = 275
         minimum energy[kcal/mol]             = 2.46e-16
         maximum energy[kcal/mol]             = 5.11
         maximum frequency[1/cm]              = 357
         ground energy [kcal/mol]             = 0.426
         highest energy level [kcal/mol]      = 1.55e+04
         number of levels                     = 997
         10 lowest excited states [kcal/mol] relative to the ground: 0.883 1.55 1.79 2.31 2.67 3.08 3.49 3.8 4.21
         Statistical Weight (*** - deep tunneling regime):
          T, K   Quantum        PG        PI  ***
           100      1.01      1.14      1.04  ***
           200      1.14      1.19      1.15
           300       1.4      1.42       1.4
           400      1.72      1.74      1.72
           500       2.1      2.11       2.1
           600      2.51      2.52      2.51
           700      2.95      2.95      2.95
           800      3.39      3.39      3.39
           900      3.85      3.84      3.85
          1000      4.31       4.3       4.3
      Model::HinderedRotor::HinderedRotor:  done, cpu time[sec] = 7.2, elapsed time[sec] = 1
      3-th ROTOR:
-------------------------------------------
| Model::Rotor::Rotor: WARNING: unknown keyword: Group
| Available keys:
| Geometry[angstrom]
| Geometry[au]
| HamiltonSizeMax
| HamiltonSizeMin
| GridSize
| ThermalPowerMax
| Hint: to get rid of this message separate the base class input from the derived class one with +++
-------------------------------------------
-------------------------------------------
| Model::InternalRotationDef::init: WARNING: unknown keyword: Potential[kcal/mol]
| Available keys:
| Group
| Axis
| Symmetry
| Hint: to get rid of this message separate the base class input from the derived class one with +++
-------------------------------------------
      Model::HinderedRotor::HinderedRotor:  starts
         Model::HinderedRotor::_read:  starts
            first point frequency estimate = 212 1/cm
            Fourier Expansion Coefficients(kcal/mol):
              0      1.43
              1     -1.45
              2   0.00427
              3     0.025
              4   -0.0025
              5 -0.000948
              6 -0.000732
              7   0.00125
         Model::HinderedRotor::_read:  done, cpu time[sec] = 0, elapsed time[sec] = 0
         effective rotational constant[1/cm]  = 5.48
         potential minimum angle[deg]         = 0
         analytic  frequency at minimum[1/cm] = 215
         numerical frequency at minimum[1/cm] = 215
         minimum energy[kcal/mol]             = 1.36e-16
         maximum energy[kcal/mol]             = 2.91
         maximum frequency[1/cm]              = 215
         ground energy [kcal/mol]             = 0.301
         highest energy level [kcal/mol]      = 3.5e+04
         number of levels                     = 997
         10 lowest excited states [kcal/mol] relative to the ground: 0.588 1.14 1.65 2.1 2.56 2.71 3.51 3.51 4.73
         Statistical Weight (*** - deep tunneling regime):
          T, K   Quantum        PG        PI  ***
           100      1.06      1.03      1.05
           200      1.31      1.29      1.31
           300      1.64      1.63      1.64
           400      2.01         2      2.01
           500       2.4      2.39       2.4
           600      2.79      2.78      2.79
           700      3.18      3.17      3.18
           800      3.56      3.55      3.56
           900      3.93      3.91      3.93
          1000      4.28      4.27      4.28
      Model::HinderedRotor::HinderedRotor:  done, cpu time[sec] = 23.7, elapsed time[sec] = 4
      ground state energy = -25.4 kcal/mol
      interpolating states number/density starts
         core state contribution ... done, cpu time[sec] = 0, elapsed time[sec] = 0
         electronic states contribution ... done, cpu time[sec] = 0, elapsed time[sec] = 0
         vibrational modes contribution ... done, cpu time[sec] = 0.01, elapsed time[sec] = 0
         hindered rotors contribution starts
            Model::HinderedRotor::set:  starts
            Model::HinderedRotor::set:  done, cpu time[sec] = 0, elapsed time[sec] = 0
            Model::HinderedRotor::set:  starts
            Model::HinderedRotor::set:  done, cpu time[sec] = 0, elapsed time[sec] = 0
            Model::HinderedRotor::set:  starts
            Model::HinderedRotor::set:  done, cpu time[sec] = 0, elapsed time[sec] = 0
         hindered rotors contribution done, cpu time[sec] = 9, elapsed time[sec] = 1
         effective power exponent at 425 kcal/mol = 32.6
      interpolating states number/density done, cpu time[sec] = 9.1, elapsed time[sec] = 2
   Model::RRHO::RRHO:  done, cpu time[sec] = 41.2, elapsed time[sec] = 7
   BIMOLECULAR: pr_1
   Model::Bimolecular::Bimolecular:  starts
-------------------------------------------
| Model::Species::Species: WARNING: unknown keyword: Core
| Available keys:
| Geometry[angstrom]
| Geometry[au]
| Mass[amu]
| Stoichiometry
| Print[1/cm]
| Hint: to get rid of this message separate the base class input from the derived class one with +++
-------------------------------------------
      Model::RRHO::RRHO:  starts
         Model::new_core:  starts
            Model::RigidRotor::RigidRotor:  starts
               molecular geometry will be used to estimate rotational constants
               rotational configuration: nonlinear
               rotational constants[1/cm]:        0.4     0.167     0.123
            Model::RigidRotor::RigidRotor:  done, cpu time[sec] = 0, elapsed time[sec] = 0
         Model::new_core:  done, cpu time[sec] = 0, elapsed time[sec] = 0
         ground state energy = 0 kcal/mol
      Model::RRHO::RRHO:  done, cpu time[sec] = 0, elapsed time[sec] = 0
-------------------------------------------
| Model::Species::Species: WARNING: unknown keyword: Core
| Available keys:
| Geometry[angstrom]
| Geometry[au]
| Mass[amu]
| Stoichiometry
| Print[1/cm]
| Hint: to get rid of this message separate the base class input from the derived class one with +++
-------------------------------------------
      Model::RRHO::RRHO:  starts
         Model::new_core:  starts
            Model::RigidRotor::RigidRotor:  starts
               molecular geometry will be used to estimate rotational constants
               rotational configuration: nonlinear
               rotational constants[1/cm]:       9.54      9.54      4.77
            Model::RigidRotor::RigidRotor:  done, cpu time[sec] = 0, elapsed time[sec] = 0
         Model::new_core:  done, cpu time[sec] = 0, elapsed time[sec] = 0
         ground state energy = 0 kcal/mol
      Model::RRHO::RRHO:  done, cpu time[sec] = 0, elapsed time[sec] = 0
   Model::Bimolecular::Bimolecular:  done, cpu time[sec] = 0, elapsed time[sec] = 0
   BIMOLECULAR: pr_2
   Model::Bimolecular::Bimolecular:  starts
-------------------------------------------
| Model::Species::Species: WARNING: unknown keyword: Core
| Available keys:
| Geometry[angstrom]
| Geometry[au]
| Mass[amu]
| Stoichiometry
| Print[1/cm]
| Hint: to get rid of this message separate the base class input from the derived class one with +++
-------------------------------------------
      Model::RRHO::RRHO:  starts
         Model::new_core:  starts
            Model::RigidRotor::RigidRotor:  starts
               molecular geometry will be used to estimate rotational constants
               rotational configuration: nonlinear
               rotational constants[1/cm]:        4.9      1.01     0.838
            Model::RigidRotor::RigidRotor:  done, cpu time[sec] = 0, elapsed time[sec] = 0
         Model::new_core:  done, cpu time[sec] = 0, elapsed time[sec] = 0
         ground state energy = 0 kcal/mol
      Model::RRHO::RRHO:  done, cpu time[sec] = 0, elapsed time[sec] = 0
-------------------------------------------
| Model::Species::Species: WARNING: unknown keyword: Core
| Available keys:
| Geometry[angstrom]
| Geometry[au]
| Mass[amu]
| Stoichiometry
| Print[1/cm]
| Hint: to get rid of this message separate the base class input from the derived class one with +++
-------------------------------------------
      Model::RRHO::RRHO:  starts
         Model::new_core:  starts
            Model::RigidRotor::RigidRotor:  starts
               molecular geometry will be used to estimate rotational constants
               rotational configuration: nonlinear
               rotational constants[1/cm]:      0.625     0.193     0.156
            Model::RigidRotor::RigidRotor:  done, cpu time[sec] = 0, elapsed time[sec] = 0
         Model::new_core:  done, cpu time[sec] = 0, elapsed time[sec] = 0
         1-th ROTOR:
-------------------------------------------
| Model::Rotor::Rotor: WARNING: unknown keyword: Group
| Available keys:
| Geometry[angstrom]
| Geometry[au]
| HamiltonSizeMax
| HamiltonSizeMin
| GridSize
| ThermalPowerMax
| Hint: to get rid of this message separate the base class input from the derived class one with +++
-------------------------------------------
-------------------------------------------
| Model::InternalRotationDef::init: WARNING: unknown keyword: Potential[kcal/mol]
| Available keys:
| Group
| Axis
| Symmetry
| Hint: to get rid of this message separate the base class input from the derived class one with +++
-------------------------------------------
         Model::HinderedRotor::HinderedRotor:  starts
            Model::HinderedRotor::_read:  starts
               first point frequency estimate = 191 1/cm
               Fourier Expansion Coefficients(kcal/mol):
                 0      1.16
                 1     -1.19
                 2   0.00604
                 3    0.0325
                 4   6.8e-17
                 5  -0.00103
                 6   0.00104
                 7   0.00125
            Model::HinderedRotor::_read:  done, cpu time[sec] = 0, elapsed time[sec] = 0
            effective rotational constant[1/cm]  = 5.68
            potential minimum angle[deg]         = 120
            analytic  frequency at minimum[1/cm] = 194
            numerical frequency at minimum[1/cm] = 194
            minimum energy[kcal/mol]             = -3.67e-05
            maximum energy[kcal/mol]             = 2.38
            maximum frequency[1/cm]              = 194
            ground energy [kcal/mol]             = 0.271
            highest energy level [kcal/mol]      = 3.62e+04
            number of levels                     = 997
            10 lowest excited states [kcal/mol] relative to the ground: 0.529 1.03 1.48 1.84 2.32 2.39 3.3 3.3 4.59
            Statistical Weight (*** - deep tunneling regime):
             T, K   Quantum        PG        PI  ***
              100      1.08      1.05      1.07
              200      1.38      1.36      1.38
              300      1.77      1.75      1.77
              400      2.18      2.17      2.18
              500      2.61      2.59      2.61
              600      3.03      3.01      3.03
              700      3.43      3.42      3.43
              800      3.82      3.81      3.82
              900       4.2      4.19       4.2
             1000      4.56      4.55      4.56
         Model::HinderedRotor::HinderedRotor:  done, cpu time[sec] = 1.19, elapsed time[sec] = 0
         ground state energy = 0 kcal/mol
      Model::RRHO::RRHO:  done, cpu time[sec] = 1.19, elapsed time[sec] = 0
   Model::Bimolecular::Bimolecular:  done, cpu time[sec] = 1.19, elapsed time[sec] = 0
   BIMOLECULAR: pr_5
   Model::Bimolecular::Bimolecular:  starts
-------------------------------------------
| Model::Species::Species: WARNING: unknown keyword: Core
| Available keys:
| Geometry[angstrom]
| Geometry[au]
| Mass[amu]
| Stoichiometry
| Print[1/cm]
| Hint: to get rid of this message separate the base class input from the derived class one with +++
-------------------------------------------
      Model::RRHO::RRHO:  starts
         Model::new_core:  starts
            Model::RigidRotor::RigidRotor:  starts
               molecular geometry will be used to estimate rotational constants
               rotational configuration: nonlinear
               rotational constants[1/cm]:      0.679      0.25     0.197
            Model::RigidRotor::RigidRotor:  done, cpu time[sec] = 0.06, elapsed time[sec] = 0
         Model::new_core:  done, cpu time[sec] = 0.06, elapsed time[sec] = 0
         ground state energy = 0 kcal/mol
      Model::RRHO::RRHO:  done, cpu time[sec] = 0.06, elapsed time[sec] = 0
-------------------------------------------
| Model::Species::Species: WARNING: unknown keyword: Core
| Available keys:
| Geometry[angstrom]
| Geometry[au]
| Mass[amu]
| Stoichiometry
| Print[1/cm]
| Hint: to get rid of this message separate the base class input from the derived class one with +++
-------------------------------------------
      Model::RRHO::RRHO:  starts
         Model::new_core:  starts
            Model::RigidRotor::RigidRotor:  starts
               molecular geometry will be used to estimate rotational constants
               rotational configuration: nonlinear
               rotational constants[1/cm]:       3.46     0.761     0.705
            Model::RigidRotor::RigidRotor:  done, cpu time[sec] = 0.13, elapsed time[sec] = 0
         Model::new_core:  done, cpu time[sec] = 0.13, elapsed time[sec] = 0
         1-th ROTOR:
         WARNING: geometry has been changed
-------------------------------------------
| Model::Rotor::Rotor: WARNING: unknown keyword: Group
| Available keys:
| Geometry[angstrom]
| Geometry[au]
| HamiltonSizeMax
| HamiltonSizeMin
| GridSize
| ThermalPowerMax
| Hint: to get rid of this message separate the base class input from the derived class one with +++
-------------------------------------------
-------------------------------------------
| Model::InternalRotationDef::init: WARNING: unknown keyword: End
| Available keys:
| Group
| Axis
| Symmetry
| Hint: to get rid of this message separate the base class input from the derived class one with +++
-------------------------------------------
         Model::FreeRotor::FreeRotor:  starts
            effective rotational constant = 15.1 1/cm
         Model::FreeRotor::FreeRotor:  done, cpu time[sec] = 0, elapsed time[sec] = 0
         ground state energy = 0 kcal/mol
      Model::RRHO::RRHO:  done, cpu time[sec] = 0.13, elapsed time[sec] = 0
   Model::Bimolecular::Bimolecular:  done, cpu time[sec] = 0.19, elapsed time[sec] = 0
   BARRIER: rxn_1
-------------------------------------------
| Model::Species::Species: WARNING: unknown keyword: Core
| Available keys:
| Geometry[angstrom]
| Geometry[au]
| Mass[amu]
| Stoichiometry
| Print[1/cm]
| Hint: to get rid of this message separate the base class input from the derived class one with +++
-------------------------------------------
   Model::RRHO::RRHO:  starts
      Model::new_core:  starts
         Model::RigidRotor::RigidRotor:  starts
            molecular geometry will be used to estimate rotational constants
            rotational configuration: nonlinear
            rotational constants[1/cm]:      0.222    0.0687    0.0671
         Model::RigidRotor::RigidRotor:  done, cpu time[sec] = 0.2, elapsed time[sec] = 0
      Model::new_core:  done, cpu time[sec] = 0.2, elapsed time[sec] = 0
      1-th ROTOR:
-------------------------------------------
| Model::Rotor::Rotor: WARNING: unknown keyword: Group
| Available keys:
| Geometry[angstrom]
| Geometry[au]
| HamiltonSizeMax
| HamiltonSizeMin
| GridSize
| ThermalPowerMax
| Hint: to get rid of this message separate the base class input from the derived class one with +++
-------------------------------------------
-------------------------------------------
| Model::InternalRotationDef::init: WARNING: unknown keyword: Potential[kcal/mol]
| Available keys:
| Group
| Axis
| Symmetry
| Hint: to get rid of this message separate the base class input from the derived class one with +++
-------------------------------------------
      Model::HinderedRotor::HinderedRotor:  starts
         Model::HinderedRotor::_read:  starts
            first point frequency estimate = 88 1/cm
            Fourier Expansion Coefficients(kcal/mol):
              0     0.259
              1    -0.259
              2   0.00177
              3         0
              4    0.0025
              5 -0.000953
              6   0.00177
              7   0.00125
         Model::HinderedRotor::_read:  done, cpu time[sec] = 0, elapsed time[sec] = 0
         effective rotational constant[1/cm]  = 5.06
         potential minimum angle[deg]         = 119
         analytic  frequency at minimum[1/cm] = 89.4
         numerical frequency at minimum[1/cm] = 89.4
         minimum energy[kcal/mol]             = -0.000292
         maximum energy[kcal/mol]             = 0.52
         maximum frequency[1/cm]              = 91.9
         ground energy [kcal/mol]             = 0.12
         highest energy level [kcal/mol]      = 3.23e+04
         number of levels                     = 997
         10 lowest excited states [kcal/mol] relative to the ground: 0.228 0.36 0.673 0.681 1.32 1.32 2.22 2.22 3.39
         Statistical Weight (*** - deep tunneling regime):
          T, K   Quantum        PG        PI  ***
           100      1.55       1.5      1.55
           200      2.41      2.38      2.41
           300      3.15      3.13      3.15
           400      3.78      3.76      3.78
           500      4.33      4.32      4.33
           600      4.83      4.82      4.83
           700      5.29      5.28      5.29
           800      5.72      5.71      5.72
           900      6.11      6.11      6.11
          1000      6.49      6.48      6.49
      Model::HinderedRotor::HinderedRotor:  done, cpu time[sec] = 8.2, elapsed time[sec] = 1
-------------------------------------------
| Model::Tunnel::Tunnel: WARNING: unknown keyword: WellDepth[kcal/mol]
| Available keys:
| CutoffEnergy[kcal/mol]
| CutoffEnergy[1/cm]
| CutoffEnergy[kJ/mol]
| EnergyStepOverTemperature
| ImaginaryFrequency[1/cm]
| Hint: to get rid of this message separate the base class input from the derived class one with +++
-------------------------------------------
      Model::EckartTunnel::EckartTunnel:  starts
         cutoff energy = 8.01 kcal/mol
         tunnel factor = 4.99e-28
      Model::EckartTunnel::EckartTunnel:  done, cpu time[sec] = 0, elapsed time[sec] = 0
      ground state energy without tunneling correction = 30.9 kcal/mol
      ground state energy with tunneling correction    = 22.9 kcal/mol
      interpolating states number/density starts
         core state contribution ... done, cpu time[sec] = 0.01, elapsed time[sec] = 0
         electronic states contribution ... done, cpu time[sec] = 0, elapsed time[sec] = 0
         vibrational modes contribution ... done, cpu time[sec] = 0, elapsed time[sec] = 0
         hindered rotors contribution starts
            Model::HinderedRotor::set:  starts
            Model::HinderedRotor::set:  done, cpu time[sec] = 0, elapsed time[sec] = 0
         hindered rotors contribution done, cpu time[sec] = 5.66, elapsed time[sec] = 1
         tunneling contribution ... done, cpu time[sec] = 0.78, elapsed time[sec] = 0
         effective power exponent at 377 kcal/mol = 33.3
      interpolating states number/density done, cpu time[sec] = 6.52, elapsed time[sec] = 1
   Model::RRHO::RRHO:  done, cpu time[sec] = 14.9, elapsed time[sec] = 2
   BARRIER: rxn_2
-------------------------------------------
| Model::Species::Species: WARNING: unknown keyword: Core
| Available keys:
| Geometry[angstrom]
| Geometry[au]
| Mass[amu]
| Stoichiometry
| Print[1/cm]
| Hint: to get rid of this message separate the base class input from the derived class one with +++
-------------------------------------------
   Model::RRHO::RRHO:  starts
      Model::new_core:  starts
         Model::RigidRotor::RigidRotor:  starts
            molecular geometry will be used to estimate rotational constants
            rotational configuration: nonlinear
            rotational constants[1/cm]:      0.301    0.0755     0.064
         Model::RigidRotor::RigidRotor:  done, cpu time[sec] = 0.05, elapsed time[sec] = 0
      Model::new_core:  done, cpu time[sec] = 0.05, elapsed time[sec] = 0
      1-th ROTOR:
-------------------------------------------
| Model::Rotor::Rotor: WARNING: unknown keyword: Group
| Available keys:
| Geometry[angstrom]
| Geometry[au]
| HamiltonSizeMax
| HamiltonSizeMin
| GridSize
| ThermalPowerMax
| Hint: to get rid of this message separate the base class input from the derived class one with +++
-------------------------------------------
-------------------------------------------
| Model::InternalRotationDef::init: WARNING: unknown keyword: Potential[kcal/mol]
| Available keys:
| Group
| Axis
| Symmetry
| Hint: to get rid of this message separate the base class input from the derived class one with +++
-------------------------------------------
      Model::HinderedRotor::HinderedRotor:  starts
         Model::HinderedRotor::_read:  starts
            first point frequency estimate = 39.7 1/cm
            Fourier Expansion Coefficients(kcal/mol):
              0     0.265
              1   -0.0713
              2   -0.0754
              3   -0.0887
              4    -0.121
              5   -0.0529
              6     0.105
              7   -0.0296
              8   -0.0411
              9   0.00897
             10    0.0453
             11   -0.0292
             12    -0.015
             13  -0.00166
             14  0.000513
             15  0.000417
             16  0.000722
             17   0.00127
             18   0.00137
             19  -0.00212
             20   0.00134
             21  0.000614
             22   0.00103
             23 -0.000417
         Model::HinderedRotor::_read:  done, cpu time[sec] = 0, elapsed time[sec] = 0
         effective rotational constant[1/cm]  = 1.1
         potential minimum angle[deg]         = 360
         analytic  frequency at minimum[1/cm] = 42.9
         numerical frequency at minimum[1/cm] = 42.9
         minimum energy[kcal/mol]             = -4.38e-05
         maximum energy[kcal/mol]             = 0.568
         maximum frequency[1/cm]              = 49.8
         ground energy [kcal/mol]             = 0.0552
         highest energy level [kcal/mol]      = 784
         number of levels                     = 997
         10 lowest excited states [kcal/mol] relative to the ground: 0.0681 0.0913 0.122 0.165 0.181 0.188 0.225 0.267 0.273
         Statistical Weight (*** - deep tunneling regime):
          T, K   Quantum        PG        PI  ***
           100      6.53      6.46      6.53
           200      12.7      12.7      12.7
           300      17.8      17.7      17.8
           400        22        22        22
           500      25.8      25.8      25.8
           600      29.2      29.1      29.2
           700      32.2      32.2      32.2
           800        35        35        35
           900      37.7      37.7      37.7
          1000      40.1      40.1      40.1
      Model::HinderedRotor::HinderedRotor:  done, cpu time[sec] = 127, elapsed time[sec] = 21
      2-th ROTOR:
-------------------------------------------
| Model::Rotor::Rotor: WARNING: unknown keyword: Group
| Available keys:
| Geometry[angstrom]
| Geometry[au]
| HamiltonSizeMax
| HamiltonSizeMin
| GridSize
| ThermalPowerMax
| Hint: to get rid of this message separate the base class input from the derived class one with +++
-------------------------------------------
-------------------------------------------
| Model::InternalRotationDef::init: WARNING: unknown keyword: Potential[kcal/mol]
| Available keys:
| Group
| Axis
| Symmetry
| Hint: to get rid of this message separate the base class input from the derived class one with +++
-------------------------------------------
      Model::HinderedRotor::HinderedRotor:  starts
         Model::HinderedRotor::_read:  starts
            first point frequency estimate = 195 1/cm
            Fourier Expansion Coefficients(kcal/mol):
              0      1.24
              1     -1.28
              2    0.0558
              3    0.0375
              4    -0.015
              5 -6.84e-05
              6  0.000784
              7   0.00125
         Model::HinderedRotor::_read:  done, cpu time[sec] = 0, elapsed time[sec] = 0
         effective rotational constant[1/cm]  = 5.54
         potential minimum angle[deg]         = 120
         analytic  frequency at minimum[1/cm] = 197
         numerical frequency at minimum[1/cm] = 197
         minimum energy[kcal/mol]             = -0.000357
         maximum energy[kcal/mol]             = 2.56
         maximum frequency[1/cm]              = 197
         ground energy [kcal/mol]             = 0.276
         highest energy level [kcal/mol]      = 3.54e+04
         number of levels                     = 997
         10 lowest excited states [kcal/mol] relative to the ground: 0.541 1.05 1.53 1.92 2.39 2.48 3.34 3.34 4.59
         Statistical Weight (*** - deep tunneling regime):
          T, K   Quantum        PG        PI  ***
           100      1.07      1.05      1.07
           200      1.36      1.35      1.36
           300      1.73      1.72      1.73
           400      2.14      2.12      2.14
           500      2.55      2.54      2.55
           600      2.96      2.95      2.96
           700      3.37      3.35      3.37
           800      3.76      3.74      3.76
           900      4.13      4.12      4.13
          1000       4.5      4.49       4.5
      Model::HinderedRotor::HinderedRotor:  done, cpu time[sec] = 26.4, elapsed time[sec] = 4
-------------------------------------------
| Model::Tunnel::Tunnel: WARNING: unknown keyword: WellDepth[kcal/mol]
| Available keys:
| CutoffEnergy[kcal/mol]
| CutoffEnergy[1/cm]
| CutoffEnergy[kJ/mol]
| EnergyStepOverTemperature
| ImaginaryFrequency[1/cm]
| Hint: to get rid of this message separate the base class input from the derived class one with +++
-------------------------------------------
      Model::EckartTunnel::EckartTunnel:  starts
         cutoff energy = 26.5 kcal/mol
         tunnel factor = 2.96e-15
      Model::EckartTunnel::EckartTunnel:  done, cpu time[sec] = 0, elapsed time[sec] = 0
      ground state energy without tunneling correction = 26.5 kcal/mol
      ground state energy with tunneling correction    = 0 kcal/mol
      interpolating states number/density starts
         core state contribution ... done, cpu time[sec] = 0.01, elapsed time[sec] = 0
         electronic states contribution ... done, cpu time[sec] = 0, elapsed time[sec] = 0
         vibrational modes contribution ... done, cpu time[sec] = 0, elapsed time[sec] = 0
         hindered rotors contribution starts
            Model::HinderedRotor::set:  starts
            Model::HinderedRotor::set:  done, cpu time[sec] = 0, elapsed time[sec] = 0
            Model::HinderedRotor::set:  starts
            Model::HinderedRotor::set:  done, cpu time[sec] = 0, elapsed time[sec] = 0
         hindered rotors contribution done, cpu time[sec] = 41.1, elapsed time[sec] = 7
         tunneling contribution ... done, cpu time[sec] = 2.35, elapsed time[sec] = 0
         effective power exponent at 400 kcal/mol = 34.6
      interpolating states number/density done, cpu time[sec] = 43.5, elapsed time[sec] = 7
   Model::RRHO::RRHO:  done, cpu time[sec] = 197, elapsed time[sec] = 32
   BARRIER: rxn_4
-------------------------------------------
| Model::Species::Species: WARNING: unknown keyword: Core
| Available keys:
| Geometry[angstrom]
| Geometry[au]
| Mass[amu]
| Stoichiometry
| Print[1/cm]
| Hint: to get rid of this message separate the base class input from the derived class one with +++
-------------------------------------------
   Model::RRHO::RRHO:  starts
      Model::new_core:  starts
         Model::RigidRotor::RigidRotor:  starts
            molecular geometry will be used to estimate rotational constants
            rotational configuration: nonlinear
            rotational constants[1/cm]:      0.163    0.0991     0.067
         Model::RigidRotor::RigidRotor:  done, cpu time[sec] = 0.04, elapsed time[sec] = 0
      Model::new_core:  done, cpu time[sec] = 0.04, elapsed time[sec] = 0
      1-th ROTOR:
-------------------------------------------
| Model::Rotor::Rotor: WARNING: unknown keyword: Group
| Available keys:
| Geometry[angstrom]
| Geometry[au]
| HamiltonSizeMax
| HamiltonSizeMin
| GridSize
| ThermalPowerMax
| Hint: to get rid of this message separate the base class input from the derived class one with +++
-------------------------------------------
-------------------------------------------
| Model::InternalRotationDef::init: WARNING: unknown keyword: Potential[kcal/mol]
| Available keys:
| Group
| Axis
| Symmetry
| Hint: to get rid of this message separate the base class input from the derived class one with +++
-------------------------------------------
      Model::HinderedRotor::HinderedRotor:  starts
         Model::HinderedRotor::_read:  starts
            first point frequency estimate = 132 1/cm
            Fourier Expansion Coefficients(kcal/mol):
              0     0.594
              1    -0.621
              2    0.0231
              3    0.0275
              4  -3.4e-17
              5   0.00113
              6  -0.00189
              7  -0.00125
         Model::HinderedRotor::_read:  done, cpu time[sec] = 0, elapsed time[sec] = 0
         effective rotational constant[1/cm]  = 5.5
         potential minimum angle[deg]         = 119
         analytic  frequency at minimum[1/cm] = 134
         numerical frequency at minimum[1/cm] = 134
         minimum energy[kcal/mol]             = -0.000291
         maximum energy[kcal/mol]             = 1.24
         maximum frequency[1/cm]              = 134
         ground energy [kcal/mol]             = 0.186
         highest energy level [kcal/mol]      = 3.51e+04
         number of levels                     = 997
         10 lowest excited states [kcal/mol] relative to the ground: 0.36 0.681 1.01 1.12 1.72 1.72 2.69 2.69 3.96
         Statistical Weight (*** - deep tunneling regime):
          T, K   Quantum        PG        PI  ***
           100      1.21      1.18       1.2
           200      1.75      1.73      1.75
           300      2.34      2.32      2.34
           400       2.9      2.88       2.9
           500      3.42       3.4      3.42
           600       3.9      3.89       3.9
           700      4.35      4.34      4.35
           800      4.77      4.76      4.77
           900      5.17      5.16      5.17
          1000      5.54      5.53      5.54
      Model::HinderedRotor::HinderedRotor:  done, cpu time[sec] = 73, elapsed time[sec] = 13
-------------------------------------------
| Model::Tunnel::Tunnel: WARNING: unknown keyword: WellDepth[kcal/mol]
| Available keys:
| CutoffEnergy[kcal/mol]
| CutoffEnergy[1/cm]
| CutoffEnergy[kJ/mol]
| EnergyStepOverTemperature
| ImaginaryFrequency[1/cm]
| Hint: to get rid of this message separate the base class input from the derived class one with +++
-------------------------------------------
      Model::EckartTunnel::EckartTunnel:  starts
         cutoff energy = 22.1 kcal/mol
         tunnel factor = 2.12e-20
      Model::EckartTunnel::EckartTunnel:  done, cpu time[sec] = 0, elapsed time[sec] = 0
      ground state energy without tunneling correction = 1.1 kcal/mol
      ground state energy with tunneling correction    = -21 kcal/mol
      interpolating states number/density starts
         core state contribution ... done, cpu time[sec] = 0, elapsed time[sec] = 0
         electronic states contribution ... done, cpu time[sec] = 0, elapsed time[sec] = 0
         vibrational modes contribution ... done, cpu time[sec] = 0, elapsed time[sec] = 0
         hindered rotors contribution starts
            Model::HinderedRotor::set:  starts
            Model::HinderedRotor::set:  done, cpu time[sec] = 0, elapsed time[sec] = 0
         hindered rotors contribution done, cpu time[sec] = 5.61, elapsed time[sec] = 1
         tunneling contribution ... done, cpu time[sec] = 2.69, elapsed time[sec] = 1
         effective power exponent at 421 kcal/mol = 34.9
      interpolating states number/density done, cpu time[sec] = 8.36, elapsed time[sec] = 2
   Model::RRHO::RRHO:  done, cpu time[sec] = 81.4, elapsed time[sec] = 15
   BARRIER: rxn_5
-------------------------------------------
| Model::Species::Species: WARNING: unknown keyword: Core
| Available keys:
| Geometry[angstrom]
| Geometry[au]
| Mass[amu]
| Stoichiometry
| Print[1/cm]
| Hint: to get rid of this message separate the base class input from the derived class one with +++
-------------------------------------------
   Model::RRHO::RRHO:  starts
      Model::new_core:  starts
         Model::RigidRotor::RigidRotor:  starts
            molecular geometry will be used to estimate rotational constants
            rotational configuration: nonlinear
            rotational constants[1/cm]:      0.183    0.0651    0.0499
         Model::RigidRotor::RigidRotor:  done, cpu time[sec] = 0.04, elapsed time[sec] = 0
      Model::new_core:  done, cpu time[sec] = 0.04, elapsed time[sec] = 0
      1-th ROTOR:
-------------------------------------------
| Model::Rotor::Rotor: WARNING: unknown keyword: Group
| Available keys:
| Geometry[angstrom]
| Geometry[au]
| HamiltonSizeMax
| HamiltonSizeMin
| GridSize
| ThermalPowerMax
| Hint: to get rid of this message separate the base class input from the derived class one with +++
-------------------------------------------
-------------------------------------------
| Model::InternalRotationDef::init: WARNING: unknown keyword: Potential[kcal/mol]
| Available keys:
| Group
| Axis
| Symmetry
| Hint: to get rid of this message separate the base class input from the derived class one with +++
-------------------------------------------
      Model::HinderedRotor::HinderedRotor:  starts
         Model::HinderedRotor::_read:  starts
            first point frequency estimate = 28.5 1/cm
            Fourier Expansion Coefficients(kcal/mol):
              0     0.998
              1      -1.1
              2   0.00828
              3    0.0643
              4 -2.25e-17
              5     0.136
              6  -0.00427
              7   -0.0908
              8   0.00289
              9   -0.0409
             10    0.0033
             11    0.0175
             12   -0.0025
             13   0.00938
             14  -0.00275
             15   0.00417
             16 -7.35e-17
             17  -0.00228
             18  0.000732
             19  0.000746
             20  1.68e-17
             21  3.78e-05
             22 -0.000663
             23  0.000833
         Model::HinderedRotor::_read:  done, cpu time[sec] = 0, elapsed time[sec] = 0
         effective rotational constant[1/cm]  = 1.32
         potential minimum angle[deg]         = 0.72
         analytic  frequency at minimum[1/cm] = 26.3
         numerical frequency at minimum[1/cm] = 26.3
         minimum energy[kcal/mol]             = -8.62e-05
         maximum energy[kcal/mol]             = 1.99
         maximum frequency[1/cm]              = 61.7
         ground energy [kcal/mol]             = 0.0413
         highest energy level [kcal/mol]      = 940
         number of levels                     = 997
         10 lowest excited states [kcal/mol] relative to the ground: 0.0851 0.168 0.24 0.3 0.353 0.408 0.47 0.537 0.607
         Statistical Weight (*** - deep tunneling regime):
          T, K   Quantum        PG        PI  ***
           100      3.21      3.21      3.21
           200      6.05      6.05      6.05
           300      8.89      8.89      8.89
           400      11.7      11.7      11.7
           500      14.5      14.5      14.5
           600      17.2      17.2      17.2
           700      19.8      19.8      19.8
           800      22.3      22.3      22.3
           900      24.7      24.7      24.7
          1000      27.1      27.1      27.1
      Model::HinderedRotor::HinderedRotor:  done, cpu time[sec] = 14.5, elapsed time[sec] = 2
      2-th ROTOR:
-------------------------------------------
| Model::Rotor::Rotor: WARNING: unknown keyword: Group
| Available keys:
| Geometry[angstrom]
| Geometry[au]
| HamiltonSizeMax
| HamiltonSizeMin
| GridSize
| ThermalPowerMax
| Hint: to get rid of this message separate the base class input from the derived class one with +++
-------------------------------------------
-------------------------------------------
| Model::InternalRotationDef::init: WARNING: unknown keyword: Potential[kcal/mol]
| Available keys:
| Group
| Axis
| Symmetry
| Hint: to get rid of this message separate the base class input from the derived class one with +++
-------------------------------------------
      Model::HinderedRotor::HinderedRotor:  starts
         Model::HinderedRotor::_read:  starts
            first point frequency estimate = 54.7 1/cm
            Fourier Expansion Coefficients(kcal/mol):
              0     0.584
              1    -0.384
              2   0.00057
              3     0.159
              4   -0.0142
              5    -0.287
              6   0.00197
              7      0.05
              8   -0.0101
              9    -0.065
             10  -0.00538
             11   -0.0683
             12    0.0075
             13  -0.00764
             14  -0.00244
             15    0.0325
             16    0.0115
             17   -0.0127
             18   0.00864
             19   -0.0277
             20   0.00169
             21  -0.00292
             22   0.00929
             23    0.0312
         Model::HinderedRotor::_read:  done, cpu time[sec] = 0, elapsed time[sec] = 0
         effective rotational constant[1/cm]  = 1.01
         potential minimum angle[deg]         = 357
         analytic  frequency at minimum[1/cm] = 59.9
         numerical frequency at minimum[1/cm] = 59.9
         minimum energy[kcal/mol]             = -0.00635
         maximum energy[kcal/mol]             = 1.52
         maximum frequency[1/cm]              = 83.1
         ground energy [kcal/mol]             = 0.0755
         highest energy level [kcal/mol]      = 719
         number of levels                     = 997
         10 lowest excited states [kcal/mol] relative to the ground: 0.154 0.294 0.319 0.329 0.4 0.425 0.43 0.47 0.478
         Statistical Weight (*** - deep tunneling regime):
          T, K   Quantum        PG        PI  ***
           100      3.16      3.12      3.16
           200      7.92      7.88      7.92
           300      12.6      12.6      12.6
           400        17      16.9        17
           500      20.9      20.9      20.9
           600      24.5      24.5      24.5
           700      27.8      27.8      27.8
           800      30.9      30.9      30.9
           900      33.8      33.8      33.8
          1000      36.5      36.5      36.5
      Model::HinderedRotor::HinderedRotor:  done, cpu time[sec] = 2.66, elapsed time[sec] = 1
      3-th ROTOR:
-------------------------------------------
| Model::Rotor::Rotor: WARNING: unknown keyword: Group
| Available keys:
| Geometry[angstrom]
| Geometry[au]
| HamiltonSizeMax
| HamiltonSizeMin
| GridSize
| ThermalPowerMax
| Hint: to get rid of this message separate the base class input from the derived class one with +++
-------------------------------------------
-------------------------------------------
| Model::InternalRotationDef::init: WARNING: unknown keyword: Potential[kcal/mol]
| Available keys:
| Group
| Axis
| Symmetry
| Hint: to get rid of this message separate the base class input from the derived class one with +++
-------------------------------------------
      Model::HinderedRotor::HinderedRotor:  starts
         Model::HinderedRotor::_read:  starts
            first point frequency estimate = 186 1/cm
            Fourier Expansion Coefficients(kcal/mol):
              0       1.1
              1     -1.13
              2   0.00854
              3      0.03
              4         0
              5  -0.00285
              6  -0.00146
              7         0
         Model::HinderedRotor::_read:  done, cpu time[sec] = 0, elapsed time[sec] = 0
         effective rotational constant[1/cm]  = 5.54
         potential minimum angle[deg]         = 120
         analytic  frequency at minimum[1/cm] = 190
         numerical frequency at minimum[1/cm] = 190
         minimum energy[kcal/mol]             = -5.64e-06
         maximum energy[kcal/mol]             = 2.26
         maximum frequency[1/cm]              = 190
         ground energy [kcal/mol]             = 0.264
         highest energy level [kcal/mol]      = 3.53e+04
         number of levels                     = 997
         10 lowest excited states [kcal/mol] relative to the ground: 0.511 0.986 1.42 1.76 2.23 2.29 3.19 3.19 4.45
         Statistical Weight (*** - deep tunneling regime):
          T, K   Quantum        PG        PI  ***
           100      1.08      1.05      1.08
           200      1.41      1.39      1.41
           300      1.82       1.8      1.82
           400      2.25      2.23      2.25
           500      2.69      2.68      2.69
           600      3.12      3.11      3.12
           700      3.54      3.53      3.54
           800      3.94      3.93      3.94
           900      4.33      4.31      4.33
          1000      4.69      4.68      4.69
      Model::HinderedRotor::HinderedRotor:  done, cpu time[sec] = 6.7, elapsed time[sec] = 1
-------------------------------------------
| Model::Tunnel::Tunnel: WARNING: unknown keyword: WellDepth[kcal/mol]
| Available keys:
| CutoffEnergy[kcal/mol]
| CutoffEnergy[1/cm]
| CutoffEnergy[kJ/mol]
| EnergyStepOverTemperature
| ImaginaryFrequency[1/cm]
| Hint: to get rid of this message separate the base class input from the derived class one with +++
-------------------------------------------
      Model::EckartTunnel::EckartTunnel:  starts
         cutoff energy = 6.59 kcal/mol
         tunnel factor = 1.27e-30
      Model::EckartTunnel::EckartTunnel:  done, cpu time[sec] = 0, elapsed time[sec] = 0
      ground state energy without tunneling correction = 2.8 kcal/mol
      ground state energy with tunneling correction    = -3.8 kcal/mol
      interpolating states number/density starts
         core state contribution ... done, cpu time[sec] = 0, elapsed time[sec] = 0
         electronic states contribution ... done, cpu time[sec] = 0, elapsed time[sec] = 0
         vibrational modes contribution ... done, cpu time[sec] = 0, elapsed time[sec] = 0
         hindered rotors contribution starts
            Model::HinderedRotor::set:  starts
            Model::HinderedRotor::set:  done, cpu time[sec] = 0, elapsed time[sec] = 0
            Model::HinderedRotor::set:  starts
            Model::HinderedRotor::set:  done, cpu time[sec] = 0, elapsed time[sec] = 0
            Model::HinderedRotor::set:  starts
            Model::HinderedRotor::set:  done, cpu time[sec] = 0, elapsed time[sec] = 0
         hindered rotors contribution done, cpu time[sec] = 0.14, elapsed time[sec] = 0
         tunneling contribution ... done, cpu time[sec] = 0.7, elapsed time[sec] = 0
         effective power exponent at 404 kcal/mol = 32.8
      interpolating states number/density done, cpu time[sec] = 0.91, elapsed time[sec] = 0
   Model::RRHO::RRHO:  done, cpu time[sec] = 24.8, elapsed time[sec] = 4
   BARRIER: rxn_7
-------------------------------------------
| Model::Species::Species: WARNING: unknown keyword: Core
| Available keys:
| Geometry[angstrom]
| Geometry[au]
| Mass[amu]
| Stoichiometry
| Print[1/cm]
| Hint: to get rid of this message separate the base class input from the derived class one with +++
-------------------------------------------
   Model::RRHO::RRHO:  starts
      Model::new_core:  starts
         Model::RigidRotor::RigidRotor:  starts
            molecular geometry will be used to estimate rotational constants
            rotational configuration: nonlinear
            rotational constants[1/cm]:      0.299    0.0718    0.0628
         Model::RigidRotor::RigidRotor:  done, cpu time[sec] = 0, elapsed time[sec] = 0
      Model::new_core:  done, cpu time[sec] = 0, elapsed time[sec] = 0
      1-th ROTOR:
-------------------------------------------
| Model::Rotor::Rotor: WARNING: unknown keyword: Group
| Available keys:
| Geometry[angstrom]
| Geometry[au]
| HamiltonSizeMax
| HamiltonSizeMin
| GridSize
| ThermalPowerMax
| Hint: to get rid of this message separate the base class input from the derived class one with +++
-------------------------------------------
-------------------------------------------
| Model::InternalRotationDef::init: WARNING: unknown keyword: Potential[kcal/mol]
| Available keys:
| Group
| Axis
| Symmetry
| Hint: to get rid of this message separate the base class input from the derived class one with +++
-------------------------------------------
      Model::HinderedRotor::HinderedRotor:  starts
         Model::HinderedRotor::_read:  starts
            first point frequency estimate = 55.7 1/cm
            Fourier Expansion Coefficients(kcal/mol):
              0      0.52
              1   0.00944
              2   -0.0605
              3   -0.0534
              4  -0.00664
              5    -0.468
              6    0.0483
              7  -0.00792
              8    0.0065
              9   0.00938
             10   -0.0226
             11   -0.0117
             12   -0.0025
             13   0.00518
             14   0.00342
             15  -0.00208
             16  0.000722
             17 -0.000232
             18 -7.18e-06
             19  3.58e-05
             20 -0.000863
             21 -0.000655
             22  0.000113
             23  0.000417
         Model::HinderedRotor::_read:  done, cpu time[sec] = 0, elapsed time[sec] = 0
         effective rotational constant[1/cm]  = 1.01
         potential minimum angle[deg]         = 0
         analytic  frequency at minimum[1/cm] = 57.3
         numerical frequency at minimum[1/cm] = 57.3
         minimum energy[kcal/mol]             = -5.97e-17
         maximum energy[kcal/mol]             = 1.07
         maximum frequency[1/cm]              = 61
         ground energy [kcal/mol]             = 0.0801
         highest energy level [kcal/mol]      = 718
         number of levels                     = 997
         10 lowest excited states [kcal/mol] relative to the ground: 0.0325 0.0769 0.156 0.178 0.241 0.304 0.316 0.395 0.444
         Statistical Weight (*** - deep tunneling regime):
          T, K   Quantum        PG        PI  ***
           100       4.9      4.86       4.9
           200      9.58      9.55      9.58
           300      14.2      14.2      14.2
           400      18.5      18.4      18.5
           500      22.3      22.3      22.3
           600      25.9      25.9      25.9
           700      29.2      29.2      29.2
           800      32.2      32.2      32.2
           900      35.1      35.1      35.1
          1000      37.8      37.8      37.8
      Model::HinderedRotor::HinderedRotor:  done, cpu time[sec] = 1.28, elapsed time[sec] = 0
      2-th ROTOR:
-------------------------------------------
| Model::Rotor::Rotor: WARNING: unknown keyword: Group
| Available keys:
| Geometry[angstrom]
| Geometry[au]
| HamiltonSizeMax
| HamiltonSizeMin
| GridSize
| ThermalPowerMax
| Hint: to get rid of this message separate the base class input from the derived class one with +++
-------------------------------------------
-------------------------------------------
| Model::InternalRotationDef::init: WARNING: unknown keyword: Potential[kcal/mol]
| Available keys:
| Group
| Axis
| Symmetry
| Hint: to get rid of this message separate the base class input from the derived class one with +++
-------------------------------------------
      Model::HinderedRotor::HinderedRotor:  starts
         Model::HinderedRotor::_read:  starts
            first point frequency estimate = 210 1/cm
            Fourier Expansion Coefficients(kcal/mol):
              0      1.39
              1     -1.41
              2        -0
              3     0.025
              4         0
              5  -0.00143
              6        -0
              7         0
         Model::HinderedRotor::_read:  done, cpu time[sec] = 0, elapsed time[sec] = 0
         effective rotational constant[1/cm]  = 5.53
         potential minimum angle[deg]         = 0
         analytic  frequency at minimum[1/cm] = 214
         numerical frequency at minimum[1/cm] = 214
         minimum energy[kcal/mol]             = -1.36e-16
         maximum energy[kcal/mol]             = 2.82
         maximum frequency[1/cm]              = 214
         ground energy [kcal/mol]             = 0.299
         highest energy level [kcal/mol]      = 3.53e+04
         number of levels                     = 997
         10 lowest excited states [kcal/mol] relative to the ground: 0.581 1.13 1.63 2.06 2.52 2.66 3.48 3.48 4.72
         Statistical Weight (*** - deep tunneling regime):
          T, K   Quantum        PG        PI  ***
           100      1.06      1.02      1.05
           200      1.32       1.3      1.32
           300      1.66      1.64      1.66
           400      2.04      2.02      2.04
           500      2.43      2.41      2.43
           600      2.82      2.81      2.82
           700      3.21       3.2      3.21
           800      3.59      3.58      3.59
           900      3.96      3.95      3.96
          1000      4.32      4.31      4.32
      Model::HinderedRotor::HinderedRotor:  done, cpu time[sec] = 6.84, elapsed time[sec] = 1
-------------------------------------------
| Model::Tunnel::Tunnel: WARNING: unknown keyword: WellDepth[kcal/mol]
| Available keys:
| CutoffEnergy[kcal/mol]
| CutoffEnergy[1/cm]
| CutoffEnergy[kJ/mol]
| EnergyStepOverTemperature
| ImaginaryFrequency[1/cm]
| Hint: to get rid of this message separate the base class input from the derived class one with +++
-------------------------------------------
      Model::EckartTunnel::EckartTunnel:  starts
         cutoff energy = 28.7 kcal/mol
         tunnel factor = 5.17e-25
      Model::EckartTunnel::EckartTunnel:  done, cpu time[sec] = 0, elapsed time[sec] = 0
      ground state energy without tunneling correction = 3.3 kcal/mol
      ground state energy with tunneling correction    = -25.4 kcal/mol
      interpolating states number/density starts
         core state contribution ... done, cpu time[sec] = 0, elapsed time[sec] = 0
         electronic states contribution ... done, cpu time[sec] = 0, elapsed time[sec] = 0
         vibrational modes contribution ... done, cpu time[sec] = 0.01, elapsed time[sec] = 0
         hindered rotors contribution starts
            Model::HinderedRotor::set:  starts
            Model::HinderedRotor::set:  done, cpu time[sec] = 0, elapsed time[sec] = 0
            Model::HinderedRotor::set:  starts
            Model::HinderedRotor::set:  done, cpu time[sec] = 0, elapsed time[sec] = 0
         hindered rotors contribution done, cpu time[sec] = 22.2, elapsed time[sec] = 3
         tunneling contribution ... done, cpu time[sec] = 2.81, elapsed time[sec] = 1
         effective power exponent at 425 kcal/mol = 35
      interpolating states number/density done, cpu time[sec] = 25.1, elapsed time[sec] = 4
   Model::RRHO::RRHO:  done, cpu time[sec] = 33.3, elapsed time[sec] = 5
   checking input ... done
   setting connectivity ... done

   Model::init: there are unconnected bimolecular products: pr_5
